<?xml version="1.0" encoding="utf-8"?>
<CoverageSession>
  <Summary numSequencePoints="356" visitedSequencePoints="288" numBranchPoints="295" visitedBranchPoints="201" sequenceCoverage="80.89" branchCoverage="68.13" maxCyclomaticComplexity="314" minCyclomaticComplexity="314" visitedClasses="14" numClasses="14" visitedMethods="30" numMethods="36" />
  <Modules>
    <Module hash="9174ABFF-EFE4-450D-9D4F-F4BB3B4E0F3F">
      <ModulePath>JSLTSharp.dll</ModulePath>
      <ModuleTime>2022-01-25T10:03:54</ModuleTime>
      <ModuleName>JSLTSharp</ModuleName>
      <Files>
        <File uid="1" fullPath="C:\Src\github\JSLTSharp\src\JSLTSharp\JsonTransform.cs" />
        <File uid="2" fullPath="C:\Src\github\JSLTSharp\src\JSLTSharp\JsonTransforms\Extensions\JsonTransformExtensions.cs" />
        <File uid="3" fullPath="C:\Src\github\JSLTSharp\src\JSLTSharp\JsonTransforms\EmbededFunctions\ValueTransformations\ConcatStringTransformationOperation.cs" />
        <File uid="4" fullPath="C:\Src\github\JSLTSharp\src\JSLTSharp\JsonTransforms\EmbededFunctions\ValueTransformations\DistinctArrayTransformOperation.cs" />
        <File uid="5" fullPath="C:\Src\github\JSLTSharp\src\JSLTSharp\JsonTransforms\EmbededFunctions\ValueTransformations\FormatDateTransformOperation.cs" />
        <File uid="6" fullPath="C:\Src\github\JSLTSharp\src\JSLTSharp\JsonTransforms\EmbededFunctions\ValueTransformations\ToBooleanTransformOperation.cs" />
        <File uid="7" fullPath="C:\Src\github\JSLTSharp\src\JSLTSharp\JsonTransforms\EmbededFunctions\ValueTransformations\ToIntegerTransformOperation.cs" />
        <File uid="8" fullPath="C:\Src\github\JSLTSharp\src\JSLTSharp\JsonTransforms\EmbededFunctions\ValueTransformations\ToUpperTransformationOperation.cs" />
        <File uid="9" fullPath="C:\Src\github\JSLTSharp\src\JSLTSharp\JsonTransforms\EmbededFunctions\ConditionalOperations\ExistsTransformOperation.cs" />
        <File uid="10" fullPath="C:\Src\github\JSLTSharp\src\JSLTSharp\JsonTransforms\EmbededFunctions\ConditionalOperations\IfIsEqualsConditionalKeyOperation.cs" />
        <File uid="11" fullPath="C:\Src\github\JSLTSharp\src\JSLTSharp\JsonTransforms\EmbededFunctions\ConditionalOperations\IfIsNotEqualsConditionalKeyOperation.cs" />
        <File uid="12" fullPath="C:\Src\github\JSLTSharp\src\JSLTSharp\JsonTransforms\EmbededFunctions\ConditionalOperations\IfNotEmptyConditionalKeyOperation.cs" />
        <File uid="13" fullPath="C:\Src\github\JSLTSharp\src\JSLTSharp\JsonTransforms\EmbededFunctions\ConditionalOperations\NotExistsTransformConditionalOperation.cs" />
        <File uid="14" fullPath="C:\Src\github\JSLTSharp\src\JSLTSharp\JsonTransforms\EmbededFunctions\ConditionalOperations\NotNullConditionalTransformOperation.cs" />
      </Files>
      <Classes>
        <Class>
          <Summary numSequencePoints="234" visitedSequencePoints="192" numBranchPoints="203" visitedBranchPoints="142" sequenceCoverage="82.05" branchCoverage="69.95" maxCyclomaticComplexity="145" minCyclomaticComplexity="1" visitedClasses="1" numClasses="1" visitedMethods="5" numMethods="7" />
          <FullName>JSLTSharp.JsonTransform</FullName>
          <Methods>
            <Method cyclomaticComplexity="1" nPathComplexity="1" sequenceCoverage="0" branchCoverage="100" isConstructor="False" isGetter="True" isSetter="False" isStatic="True">
              <Summary numSequencePoints="1" visitedSequencePoints="0" numBranchPoints="0" visitedBranchPoints="0" sequenceCoverage="0" branchCoverage="100" maxCyclomaticComplexity="1" minCyclomaticComplexity="1" visitedClasses="0" numClasses="0" visitedMethods="0" numMethods="1" />
              <MetadataToken />
              <Name>JSLTSharp.SkipJsonNullValues JSLTSharp.JsonTransform::get_SkipJsonNull()</Name>
              <FileRef uid="1" />
              <SequencePoints>
                <SequencePoint vc="0" uspid="17" ordinal="0" sl="17" sc="1" el="17" ec="2" bec="0" bev="0" fileid="1" />
              </SequencePoints>
              <BranchPoints />
              <MethodPoint vc="0" uspid="0" p8:type="SequencePoint" ordinal="0" offset="0" sc="0" sl="17" ec="1" el="17" bec="0" bev="0" fileid="1" xmlns:p8="xsi" />
            </Method>
            <Method cyclomaticComplexity="1" nPathComplexity="1" sequenceCoverage="100" branchCoverage="100" isConstructor="False" isGetter="False" isSetter="False" isStatic="True">
              <Summary numSequencePoints="3" visitedSequencePoints="3" numBranchPoints="0" visitedBranchPoints="0" sequenceCoverage="100" branchCoverage="100" maxCyclomaticComplexity="1" minCyclomaticComplexity="1" visitedClasses="0" numClasses="0" visitedMethods="1" numMethods="1" />
              <MetadataToken />
              <Name>System.String JSLTSharp.JsonTransform::Transform(System.String,System.String)</Name>
              <FileRef uid="1" />
              <SequencePoints>
                <SequencePoint vc="66" uspid="43" ordinal="0" sl="43" sc="1" el="43" ec="2" bec="0" bev="0" fileid="1" />
                <SequencePoint vc="65" uspid="45" ordinal="1" sl="45" sc="1" el="45" ec="2" bec="0" bev="0" fileid="1" />
                <SequencePoint vc="65" uspid="47" ordinal="2" sl="47" sc="1" el="47" ec="2" bec="0" bev="0" fileid="1" />
              </SequencePoints>
              <BranchPoints />
              <MethodPoint vc="3" uspid="0" p8:type="SequencePoint" ordinal="1" offset="1" sc="0" sl="43" ec="1" el="47" bec="0" bev="0" fileid="1" xmlns:p8="xsi" />
            </Method>
            <Method cyclomaticComplexity="6" nPathComplexity="6" sequenceCoverage="87.5" branchCoverage="83.33" isConstructor="False" isGetter="False" isSetter="False" isStatic="True">
              <Summary numSequencePoints="8" visitedSequencePoints="7" numBranchPoints="6" visitedBranchPoints="5" sequenceCoverage="87.5" branchCoverage="83.33" maxCyclomaticComplexity="6" minCyclomaticComplexity="6" visitedClasses="0" numClasses="0" visitedMethods="1" numMethods="1" />
              <MetadataToken />
              <Name>Newtonsoft.Json.Linq.JToken JSLTSharp.JsonTransform::Transform(Newtonsoft.Json.Linq.JToken,System.String)</Name>
              <FileRef uid="1" />
              <SequencePoints>
                <SequencePoint vc="65" uspid="52" ordinal="0" sl="52" sc="1" el="52" ec="2" bec="2" bev="1" fileid="1" />
                <SequencePoint vc="0" uspid="53" ordinal="1" sl="53" sc="1" el="53" ec="2" bec="0" bev="0" fileid="1" />
                <SequencePoint vc="65" uspid="56" ordinal="2" sl="56" sc="1" el="56" ec="2" bec="0" bev="0" fileid="1" />
                <SequencePoint vc="65" uspid="58" ordinal="3" sl="58" sc="1" el="58" ec="2" bec="2" bev="2" fileid="1" />
                <SequencePoint vc="58" uspid="59" ordinal="4" sl="59" sc="1" el="59" ec="2" bec="0" bev="0" fileid="1" />
                <SequencePoint vc="7" uspid="60" ordinal="5" sl="60" sc="1" el="60" ec="2" bec="2" bev="2" fileid="1" />
                <SequencePoint vc="7" uspid="62" ordinal="6" sl="62" sc="1" el="62" ec="2" bec="0" bev="0" fileid="1" />
                <SequencePoint vc="65" uspid="65" ordinal="7" sl="65" sc="1" el="65" ec="2" bec="0" bev="0" fileid="1" />
              </SequencePoints>
              <BranchPoints>
                <BranchPoint vc="0" uspid="52" ordinal="0" path="0" offset="6" offsetend="8" sl="52" fileid="1" />
                <BranchPoint vc="65" uspid="52" ordinal="1" path="1" offset="6" offsetend="24" sl="52" fileid="1" />
                <BranchPoint vc="58" uspid="58" ordinal="2" path="0" offset="37" offsetend="39" sl="58" fileid="1" />
                <BranchPoint vc="7" uspid="58" ordinal="3" path="1" offset="37" offsetend="49" sl="58" fileid="1" />
                <BranchPoint vc="7" uspid="60" ordinal="4" path="0" offset="55" offsetend="57" sl="60" fileid="1" />
                <BranchPoint vc="65" uspid="60" ordinal="5" path="1" offset="55" offsetend="76" sl="60" fileid="1" />
              </BranchPoints>
              <MethodPoint vc="7" uspid="0" p8:type="SequencePoint" ordinal="2" offset="2" sc="0" sl="52" ec="1" el="65" bec="0" bev="0" fileid="1" xmlns:p8="xsi" />
            </Method>
            <Method cyclomaticComplexity="145" nPathComplexity="145" sequenceCoverage="87.42" branchCoverage="72.41" isConstructor="False" isGetter="False" isSetter="False" isStatic="True">
              <Summary numSequencePoints="167" visitedSequencePoints="146" numBranchPoints="145" visitedBranchPoints="105" sequenceCoverage="87.42" branchCoverage="72.41" maxCyclomaticComplexity="145" minCyclomaticComplexity="145" visitedClasses="0" numClasses="0" visitedMethods="1" numMethods="1" />
              <MetadataToken />
              <Name>System.Void JSLTSharp.JsonTransform::ApplyTransformation(Newtonsoft.Json.Linq.JToken,Newtonsoft.Json.Linq.JToken)</Name>
              <FileRef uid="1" />
              <SequencePoints>
                <SequencePoint vc="272" uspid="75" ordinal="0" sl="75" sc="1" el="75" ec="2" bec="2" bev="1" fileid="1" />
                <SequencePoint vc="0" uspid="76" ordinal="1" sl="76" sc="1" el="76" ec="2" bec="0" bev="0" fileid="1" />
                <SequencePoint vc="272" uspid="77" ordinal="2" sl="77" sc="1" el="77" ec="2" bec="2" bev="1" fileid="1" />
                <SequencePoint vc="0" uspid="78" ordinal="3" sl="78" sc="1" el="78" ec="2" bec="0" bev="0" fileid="1" />
                <SequencePoint vc="272" uspid="80" ordinal="4" sl="80" sc="1" el="80" ec="2" bec="5" bev="5" fileid="1" />
                <SequencePoint vc="85" uspid="83" ordinal="5" sl="83" sc="1" el="83" ec="2" bec="0" bev="0" fileid="1" />
                <SequencePoint vc="85" uspid="84" ordinal="6" sl="84" sc="1" el="84" ec="2" bec="0" bev="0" fileid="1" />
                <SequencePoint vc="356" uspid="85" ordinal="7" sl="85" sc="1" el="85" ec="2" bec="2" bev="2" fileid="1" />
                <SequencePoint vc="93" uspid="87" ordinal="8" sl="87" sc="1" el="87" ec="2" bec="0" bev="0" fileid="1" />
                <SequencePoint vc="112" uspid="91" ordinal="9" sl="91" sc="1" el="91" ec="2" bec="0" bev="0" fileid="1" />
                <SequencePoint vc="112" uspid="92" ordinal="10" sl="92" sc="1" el="92" ec="2" bec="2" bev="2" fileid="1" />
                <SequencePoint vc="15" uspid="95" ordinal="11" sl="95" sc="1" el="95" ec="2" bec="0" bev="0" fileid="1" />
                <SequencePoint vc="15" uspid="96" ordinal="12" sl="96" sc="1" el="96" ec="2" bec="0" bev="0" fileid="1" />
                <SequencePoint vc="15" uspid="97" ordinal="13" sl="97" sc="1" el="97" ec="2" bec="0" bev="0" fileid="1" />
                <SequencePoint vc="64" uspid="98" ordinal="14" sl="98" sc="1" el="98" ec="2" bec="2" bev="2" fileid="1" />
                <SequencePoint vc="17" uspid="100" ordinal="15" sl="100" sc="1" el="100" ec="2" bec="0" bev="0" fileid="1" />
                <SequencePoint vc="17" uspid="101" ordinal="16" sl="101" sc="1" el="101" ec="2" bec="4" bev="2" fileid="1" />
                <SequencePoint vc="0" uspid="102" ordinal="17" sl="102" sc="1" el="102" ec="2" bec="0" bev="0" fileid="1" />
                <SequencePoint vc="17" uspid="104" ordinal="18" sl="104" sc="1" el="104" ec="2" bec="0" bev="0" fileid="1" />
                <SequencePoint vc="17" uspid="105" ordinal="19" sl="105" sc="1" el="105" ec="2" bec="0" bev="0" fileid="1" />
                <SequencePoint vc="17" uspid="107" ordinal="20" sl="107" sc="1" el="107" ec="2" bec="0" bev="0" fileid="1" />
                <SequencePoint vc="83" uspid="108" ordinal="21" sl="108" sc="1" el="108" ec="2" bec="0" bev="0" fileid="1" />
                <SequencePoint vc="17" uspid="109" ordinal="22" sl="109" sc="1" el="109" ec="2" bec="2" bev="1" fileid="1" />
                <SequencePoint vc="17" uspid="110" ordinal="23" sl="110" sc="1" el="110" ec="2" bec="0" bev="0" fileid="1" />
                <SequencePoint vc="0" uspid="112" ordinal="24" sl="112" sc="1" el="112" ec="2" bec="0" bev="0" fileid="1" />
                <SequencePoint vc="15" uspid="114" ordinal="25" sl="114" sc="1" el="114" ec="2" bec="0" bev="0" fileid="1" />
                <SequencePoint vc="15" uspid="115" ordinal="26" sl="115" sc="1" el="115" ec="2" bec="4" bev="4" fileid="1" />
                <SequencePoint vc="21" uspid="117" ordinal="27" sl="117" sc="1" el="117" ec="2" bec="0" bev="0" fileid="1" />
                <SequencePoint vc="40" uspid="118" ordinal="28" sl="118" sc="1" el="118" ec="2" bec="2" bev="2" fileid="1" />
                <SequencePoint vc="13" uspid="120" ordinal="29" sl="120" sc="1" el="120" ec="2" bec="0" bev="0" fileid="1" />
                <SequencePoint vc="21" uspid="122" ordinal="30" sl="122" sc="1" el="122" ec="2" bec="0" bev="0" fileid="1" />
                <SequencePoint vc="8" uspid="124" ordinal="31" sl="124" sc="1" el="124" ec="2" bec="2" bev="2" fileid="1" />
                <SequencePoint vc="28" uspid="127" ordinal="32" sl="127" sc="1" el="127" ec="2" bec="0" bev="0" fileid="1" />
                <SequencePoint vc="8" uspid="128" ordinal="33" sl="128" sc="1" el="128" ec="2" bec="0" bev="0" fileid="1" />
                <SequencePoint vc="24" uspid="130" ordinal="34" sl="130" sc="1" el="130" ec="2" bec="4" bev="4" fileid="1" />
                <SequencePoint vc="4" uspid="133" ordinal="35" sl="133" sc="1" el="133" ec="2" bec="0" bev="0" fileid="1" />
                <SequencePoint vc="4" uspid="134" ordinal="36" sl="134" sc="1" el="134" ec="2" bec="0" bev="0" fileid="1" />
                <SequencePoint vc="4" uspid="135" ordinal="37" sl="135" sc="1" el="135" ec="2" bec="2" bev="2" fileid="1" />
                <SequencePoint vc="2" uspid="136" ordinal="38" sl="136" sc="1" el="136" ec="2" bec="0" bev="0" fileid="1" />
                <SequencePoint vc="2" uspid="139" ordinal="39" sl="139" sc="1" el="139" ec="2" bec="0" bev="0" fileid="1" />
                <SequencePoint vc="2" uspid="140" ordinal="40" sl="140" sc="1" el="140" ec="2" bec="0" bev="0" fileid="1" />
                <SequencePoint vc="8" uspid="141" ordinal="41" sl="141" sc="1" el="141" ec="2" bec="2" bev="2" fileid="1" />
                <SequencePoint vc="2" uspid="143" ordinal="42" sl="143" sc="1" el="143" ec="2" bec="0" bev="0" fileid="1" />
                <SequencePoint vc="2" uspid="144" ordinal="43" sl="144" sc="1" el="144" ec="2" bec="4" bev="2" fileid="1" />
                <SequencePoint vc="0" uspid="145" ordinal="44" sl="145" sc="1" el="145" ec="2" bec="0" bev="0" fileid="1" />
                <SequencePoint vc="2" uspid="147" ordinal="45" sl="147" sc="1" el="147" ec="2" bec="0" bev="0" fileid="1" />
                <SequencePoint vc="2" uspid="148" ordinal="46" sl="148" sc="1" el="148" ec="2" bec="0" bev="0" fileid="1" />
                <SequencePoint vc="2" uspid="150" ordinal="47" sl="150" sc="1" el="150" ec="2" bec="0" bev="0" fileid="1" />
                <SequencePoint vc="12" uspid="151" ordinal="48" sl="151" sc="1" el="151" ec="2" bec="0" bev="0" fileid="1" />
                <SequencePoint vc="2" uspid="152" ordinal="49" sl="152" sc="1" el="152" ec="2" bec="2" bev="1" fileid="1" />
                <SequencePoint vc="2" uspid="153" ordinal="50" sl="153" sc="1" el="153" ec="2" bec="0" bev="0" fileid="1" />
                <SequencePoint vc="0" uspid="155" ordinal="51" sl="155" sc="1" el="155" ec="2" bec="0" bev="0" fileid="1" />
                <SequencePoint vc="2" uspid="158" ordinal="52" sl="158" sc="1" el="158" ec="2" bec="0" bev="0" fileid="1" />
                <SequencePoint vc="4" uspid="160" ordinal="53" sl="160" sc="1" el="160" ec="2" bec="2" bev="2" fileid="1" />
                <SequencePoint vc="3" uspid="162" ordinal="54" sl="162" sc="1" el="162" ec="2" bec="0" bev="0" fileid="1" />
                <SequencePoint vc="9" uspid="163" ordinal="55" sl="163" sc="1" el="163" ec="2" bec="0" bev="0" fileid="1" />
                <SequencePoint vc="18" uspid="164" ordinal="56" sl="164" sc="1" el="164" ec="2" bec="2" bev="2" fileid="1" />
                <SequencePoint vc="6" uspid="166" ordinal="57" sl="166" sc="1" el="166" ec="2" bec="0" bev="0" fileid="1" />
                <SequencePoint vc="9" uspid="168" ordinal="58" sl="168" sc="1" el="168" ec="2" bec="0" bev="0" fileid="1" />
                <SequencePoint vc="26" uspid="173" ordinal="59" sl="173" sc="1" el="173" ec="2" bec="2" bev="2" fileid="1" />
                <SequencePoint vc="5" uspid="175" ordinal="60" sl="175" sc="1" el="175" ec="2" bec="0" bev="0" fileid="1" />
                <SequencePoint vc="15" uspid="180" ordinal="61" sl="180" sc="1" el="180" ec="2" bec="0" bev="0" fileid="1" />
                <SequencePoint vc="15" uspid="181" ordinal="62" sl="181" sc="1" el="181" ec="2" bec="0" bev="0" fileid="1" />
                <SequencePoint vc="97" uspid="183" ordinal="63" sl="183" sc="1" el="183" ec="2" bec="2" bev="2" fileid="1" />
                <SequencePoint vc="14" uspid="186" ordinal="64" sl="186" sc="1" el="186" ec="2" bec="0" bev="0" fileid="1" />
                <SequencePoint vc="14" uspid="187" ordinal="65" sl="187" sc="1" el="187" ec="2" bec="0" bev="0" fileid="1" />
                <SequencePoint vc="14" uspid="189" ordinal="66" sl="189" sc="1" el="189" ec="2" bec="0" bev="0" fileid="1" />
                <SequencePoint vc="14" uspid="190" ordinal="67" sl="190" sc="1" el="190" ec="2" bec="4" bev="2" fileid="1" />
                <SequencePoint vc="0" uspid="191" ordinal="68" sl="191" sc="1" el="191" ec="2" bec="0" bev="0" fileid="1" />
                <SequencePoint vc="14" uspid="193" ordinal="69" sl="193" sc="1" el="193" ec="2" bec="0" bev="0" fileid="1" />
                <SequencePoint vc="14" uspid="196" ordinal="70" sl="196" sc="1" el="196" ec="2" bec="0" bev="0" fileid="1" />
                <SequencePoint vc="14" uspid="197" ordinal="71" sl="197" sc="1" el="197" ec="2" bec="2" bev="1" fileid="1" />
                <SequencePoint vc="0" uspid="200" ordinal="72" sl="200" sc="1" el="200" ec="2" bec="0" bev="0" fileid="1" />
                <SequencePoint vc="14" uspid="205" ordinal="73" sl="205" sc="1" el="205" ec="2" bec="0" bev="0" fileid="1" />
                <SequencePoint vc="14" uspid="208" ordinal="74" sl="208" sc="1" el="208" ec="2" bec="4" bev="2" fileid="1" />
                <SequencePoint vc="14" uspid="210" ordinal="75" sl="210" sc="1" el="210" ec="2" bec="2" bev="2" fileid="1" />
                <SequencePoint vc="54" uspid="212" ordinal="76" sl="212" sc="1" el="212" ec="2" bec="2" bev="2" fileid="1" />
                <SequencePoint vc="17" uspid="214" ordinal="77" sl="214" sc="1" el="214" ec="2" bec="0" bev="0" fileid="1" />
                <SequencePoint vc="17" uspid="216" ordinal="78" sl="216" sc="1" el="216" ec="2" bec="0" bev="0" fileid="1" />
                <SequencePoint vc="17" uspid="217" ordinal="79" sl="217" sc="1" el="217" ec="2" bec="4" bev="2" fileid="1" />
                <SequencePoint vc="0" uspid="218" ordinal="80" sl="218" sc="1" el="218" ec="2" bec="0" bev="0" fileid="1" />
                <SequencePoint vc="17" uspid="220" ordinal="81" sl="220" sc="1" el="220" ec="2" bec="0" bev="0" fileid="1" />
                <SequencePoint vc="17" uspid="221" ordinal="82" sl="221" sc="1" el="221" ec="2" bec="0" bev="0" fileid="1" />
                <SequencePoint vc="17" uspid="223" ordinal="83" sl="223" sc="1" el="223" ec="2" bec="0" bev="0" fileid="1" />
                <SequencePoint vc="17" uspid="225" ordinal="84" sl="225" sc="1" el="225" ec="2" bec="2" bev="2" fileid="1" />
                <SequencePoint vc="10" uspid="227" ordinal="85" sl="227" sc="1" el="227" ec="2" bec="0" bev="0" fileid="1" />
                <SequencePoint vc="10" uspid="229" ordinal="86" sl="229" sc="1" el="229" ec="2" bec="0" bev="0" fileid="1" />
                <SequencePoint vc="10" uspid="231" ordinal="87" sl="231" sc="1" el="231" ec="2" bec="0" bev="0" fileid="1" />
                <SequencePoint vc="10" uspid="232" ordinal="88" sl="232" sc="1" el="232" ec="2" bec="0" bev="0" fileid="1" />
                <SequencePoint vc="13" uspid="233" ordinal="89" sl="233" sc="1" el="233" ec="2" bec="0" bev="0" fileid="1" />
                <SequencePoint vc="23" uspid="234" ordinal="90" sl="234" sc="1" el="234" ec="2" bec="0" bev="0" fileid="1" />
                <SequencePoint vc="10" uspid="236" ordinal="91" sl="236" sc="1" el="236" ec="2" bec="0" bev="0" fileid="1" />
                <SequencePoint vc="46" uspid="237" ordinal="92" sl="237" sc="1" el="237" ec="2" bec="2" bev="2" fileid="1" />
                <SequencePoint vc="13" uspid="239" ordinal="93" sl="239" sc="1" el="239" ec="2" bec="0" bev="0" fileid="1" />
                <SequencePoint vc="13" uspid="242" ordinal="94" sl="242" sc="1" el="242" ec="2" bec="0" bev="0" fileid="1" />
                <SequencePoint vc="13" uspid="245" ordinal="95" sl="245" sc="1" el="245" ec="2" bec="2" bev="2" fileid="1" />
                <SequencePoint vc="4" uspid="247" ordinal="96" sl="247" sc="1" el="247" ec="2" bec="0" bev="0" fileid="1" />
                <SequencePoint vc="4" uspid="248" ordinal="97" sl="248" sc="1" el="248" ec="2" bec="0" bev="0" fileid="1" />
                <SequencePoint vc="9" uspid="252" ordinal="98" sl="252" sc="1" el="252" ec="2" bec="0" bev="0" fileid="1" />
                <SequencePoint vc="9" uspid="253" ordinal="99" sl="253" sc="1" el="253" ec="2" bec="0" bev="0" fileid="1" />
                <SequencePoint vc="13" uspid="257" ordinal="100" sl="257" sc="1" el="257" ec="2" bec="0" bev="0" fileid="1" />
                <SequencePoint vc="10" uspid="259" ordinal="101" sl="259" sc="1" el="259" ec="2" bec="0" bev="0" fileid="1" />
                <SequencePoint vc="46" uspid="263" ordinal="102" sl="263" sc="1" el="263" ec="2" bec="0" bev="0" fileid="1" />
                <SequencePoint vc="7" uspid="264" ordinal="103" sl="264" sc="1" el="264" ec="2" bec="2" bev="2" fileid="1" />
                <SequencePoint vc="3" uspid="266" ordinal="104" sl="266" sc="1" el="266" ec="2" bec="0" bev="0" fileid="1" />
                <SequencePoint vc="4" uspid="271" ordinal="105" sl="271" sc="1" el="271" ec="2" bec="4" bev="4" fileid="1" />
                <SequencePoint vc="4" uspid="272" ordinal="106" sl="272" sc="1" el="272" ec="2" bec="0" bev="0" fileid="1" />
                <SequencePoint vc="1" uspid="274" ordinal="107" sl="274" sc="1" el="274" ec="2" bec="2" bev="1" fileid="1" />
                <SequencePoint vc="0" uspid="275" ordinal="108" sl="275" sc="1" el="275" ec="2" bec="0" bev="0" fileid="1" />
                <SequencePoint vc="1" uspid="276" ordinal="109" sl="276" sc="1" el="276" ec="2" bec="8" bev="6" fileid="1" />
                <SequencePoint vc="1" uspid="278" ordinal="110" sl="278" sc="1" el="278" ec="2" bec="0" bev="0" fileid="1" />
                <SequencePoint vc="1" uspid="279" ordinal="111" sl="279" sc="1" el="279" ec="2" bec="0" bev="0" fileid="1" />
                <SequencePoint vc="3" uspid="282" ordinal="112" sl="282" sc="1" el="282" ec="2" bec="4" bev="2" fileid="1" />
                <SequencePoint vc="3" uspid="283" ordinal="113" sl="283" sc="1" el="283" ec="2" bec="0" bev="0" fileid="1" />
                <SequencePoint vc="3" uspid="285" ordinal="114" sl="285" sc="1" el="285" ec="2" bec="2" bev="2" fileid="1" />
                <SequencePoint vc="2" uspid="286" ordinal="115" sl="286" sc="1" el="286" ec="2" bec="0" bev="0" fileid="1" />
                <SequencePoint vc="1" uspid="287" ordinal="116" sl="287" sc="1" el="287" ec="2" bec="8" bev="6" fileid="1" />
                <SequencePoint vc="1" uspid="289" ordinal="117" sl="289" sc="1" el="289" ec="2" bec="0" bev="0" fileid="1" />
                <SequencePoint vc="1" uspid="290" ordinal="118" sl="290" sc="1" el="290" ec="2" bec="0" bev="0" fileid="1" />
                <SequencePoint vc="0" uspid="293" ordinal="119" sl="293" sc="1" el="293" ec="2" bec="4" bev="0" fileid="1" />
                <SequencePoint vc="0" uspid="294" ordinal="120" sl="294" sc="1" el="294" ec="2" bec="0" bev="0" fileid="1" />
                <SequencePoint vc="0" uspid="296" ordinal="121" sl="296" sc="1" el="296" ec="2" bec="2" bev="0" fileid="1" />
                <SequencePoint vc="0" uspid="297" ordinal="122" sl="297" sc="1" el="297" ec="2" bec="0" bev="0" fileid="1" />
                <SequencePoint vc="0" uspid="298" ordinal="123" sl="298" sc="1" el="298" ec="2" bec="8" bev="2" fileid="1" />
                <SequencePoint vc="0" uspid="300" ordinal="124" sl="300" sc="1" el="300" ec="2" bec="0" bev="0" fileid="1" />
                <SequencePoint vc="0" uspid="301" ordinal="125" sl="301" sc="1" el="301" ec="2" bec="0" bev="0" fileid="1" />
                <SequencePoint vc="0" uspid="304" ordinal="126" sl="304" sc="1" el="304" ec="2" bec="2" bev="1" fileid="1" />
                <SequencePoint vc="0" uspid="305" ordinal="127" sl="305" sc="1" el="305" ec="2" bec="0" bev="0" fileid="1" />
                <SequencePoint vc="14" uspid="311" ordinal="128" sl="311" sc="1" el="311" ec="2" bec="2" bev="2" fileid="1" />
                <SequencePoint vc="5" uspid="312" ordinal="129" sl="312" sc="1" el="312" ec="2" bec="0" bev="0" fileid="1" />
                <SequencePoint vc="9" uspid="313" ordinal="130" sl="313" sc="1" el="313" ec="2" bec="6" bev="4" fileid="1" />
                <SequencePoint vc="7" uspid="315" ordinal="131" sl="315" sc="1" el="315" ec="2" bec="0" bev="0" fileid="1" />
                <SequencePoint vc="7" uspid="316" ordinal="132" sl="316" sc="1" el="316" ec="2" bec="0" bev="0" fileid="1" />
                <SequencePoint vc="7" uspid="317" ordinal="133" sl="317" sc="1" el="317" ec="2" bec="2" bev="2" fileid="1" />
                <SequencePoint vc="24" uspid="319" ordinal="134" sl="319" sc="1" el="319" ec="2" bec="2" bev="2" fileid="1" />
                <SequencePoint vc="8" uspid="320" ordinal="135" sl="320" sc="1" el="320" ec="2" bec="0" bev="0" fileid="1" />
                <SequencePoint vc="83" uspid="324" ordinal="136" sl="324" sc="1" el="324" ec="2" bec="2" bev="2" fileid="1" />
                <SequencePoint vc="8" uspid="327" ordinal="137" sl="327" sc="1" el="327" ec="2" bec="0" bev="0" fileid="1" />
                <SequencePoint vc="8" uspid="328" ordinal="138" sl="328" sc="1" el="328" ec="2" bec="0" bev="0" fileid="1" />
                <SequencePoint vc="8" uspid="329" ordinal="139" sl="329" sc="1" el="329" ec="2" bec="0" bev="0" fileid="1" />
                <SequencePoint vc="32" uspid="330" ordinal="140" sl="330" sc="1" el="330" ec="2" bec="2" bev="2" fileid="1" />
                <SequencePoint vc="8" uspid="332" ordinal="141" sl="332" sc="1" el="332" ec="2" bec="0" bev="0" fileid="1" />
                <SequencePoint vc="8" uspid="334" ordinal="142" sl="334" sc="1" el="334" ec="2" bec="0" bev="0" fileid="1" />
                <SequencePoint vc="8" uspid="335" ordinal="143" sl="335" sc="1" el="335" ec="2" bec="4" bev="2" fileid="1" />
                <SequencePoint vc="0" uspid="336" ordinal="144" sl="336" sc="1" el="336" ec="2" bec="0" bev="0" fileid="1" />
                <SequencePoint vc="8" uspid="338" ordinal="145" sl="338" sc="1" el="338" ec="2" bec="0" bev="0" fileid="1" />
                <SequencePoint vc="8" uspid="339" ordinal="146" sl="339" sc="1" el="339" ec="2" bec="0" bev="0" fileid="1" />
                <SequencePoint vc="8" uspid="341" ordinal="147" sl="341" sc="1" el="341" ec="2" bec="0" bev="0" fileid="1" />
                <SequencePoint vc="24" uspid="343" ordinal="148" sl="343" sc="1" el="343" ec="2" bec="0" bev="0" fileid="1" />
                <SequencePoint vc="8" uspid="344" ordinal="149" sl="344" sc="1" el="344" ec="2" bec="2" bev="1" fileid="1" />
                <SequencePoint vc="8" uspid="346" ordinal="150" sl="346" sc="1" el="346" ec="2" bec="0" bev="0" fileid="1" />
                <SequencePoint vc="0" uspid="349" ordinal="151" sl="349" sc="1" el="349" ec="2" bec="0" bev="0" fileid="1" />
                <SequencePoint vc="8" uspid="351" ordinal="152" sl="351" sc="1" el="351" ec="2" bec="2" bev="2" fileid="1" />
                <SequencePoint vc="4" uspid="353" ordinal="153" sl="353" sc="1" el="353" ec="2" bec="0" bev="0" fileid="1" />
                <SequencePoint vc="4" uspid="354" ordinal="154" sl="354" sc="1" el="354" ec="2" bec="0" bev="0" fileid="1" />
                <SequencePoint vc="4" uspid="357" ordinal="155" sl="357" sc="1" el="357" ec="2" bec="0" bev="0" fileid="1" />
                <SequencePoint vc="75" uspid="360" ordinal="156" sl="360" sc="1" el="360" ec="2" bec="0" bev="0" fileid="1" />
                <SequencePoint vc="75" uspid="361" ordinal="157" sl="361" sc="1" el="361" ec="2" bec="0" bev="0" fileid="1" />
                <SequencePoint vc="3" uspid="363" ordinal="158" sl="363" sc="1" el="363" ec="2" bec="0" bev="0" fileid="1" />
                <SequencePoint vc="3" uspid="364" ordinal="159" sl="364" sc="1" el="364" ec="2" bec="0" bev="0" fileid="1" />
                <SequencePoint vc="3" uspid="365" ordinal="160" sl="365" sc="1" el="365" ec="2" bec="0" bev="0" fileid="1" />
                <SequencePoint vc="3" uspid="366" ordinal="161" sl="366" sc="1" el="366" ec="2" bec="0" bev="0" fileid="1" />
                <SequencePoint vc="7" uspid="367" ordinal="162" sl="367" sc="1" el="367" ec="2" bec="0" bev="0" fileid="1" />
                <SequencePoint vc="10" uspid="368" ordinal="163" sl="368" sc="1" el="368" ec="2" bec="0" bev="0" fileid="1" />
                <SequencePoint vc="3" uspid="370" ordinal="164" sl="370" sc="1" el="370" ec="2" bec="0" bev="0" fileid="1" />
                <SequencePoint vc="72" uspid="372" ordinal="165" sl="372" sc="1" el="372" ec="2" bec="0" bev="0" fileid="1" />
                <SequencePoint vc="166" uspid="375" ordinal="166" sl="375" sc="1" el="375" ec="2" bec="0" bev="0" fileid="1" />
              </SequencePoints>
              <BranchPoints>
                <BranchPoint vc="0" uspid="75" ordinal="0" path="0" offset="21" offsetend="23" sl="75" fileid="1" />
                <BranchPoint vc="272" uspid="75" ordinal="1" path="1" offset="21" offsetend="34" sl="75" fileid="1" />
                <BranchPoint vc="0" uspid="77" ordinal="2" path="0" offset="40" offsetend="42" sl="77" fileid="1" />
                <BranchPoint vc="272" uspid="77" ordinal="3" path="1" offset="40" offsetend="53" sl="77" fileid="1" />
                <BranchPoint vc="85" uspid="80" ordinal="5" path="1" offset="63" offsetend="89" sl="80" fileid="1" />
                <BranchPoint vc="93" uspid="85" ordinal="10" path="1" offset="143" offsetend="113" sl="85" fileid="1" />
                <BranchPoint vc="85" uspid="85" ordinal="9" path="0" offset="143" offsetend="145" sl="85" fileid="1" />
                <BranchPoint vc="112" uspid="80" ordinal="8" path="4" offset="63" offsetend="164" sl="80" fileid="1" />
                <BranchPoint vc="15" uspid="92" ordinal="11" path="0" offset="188" offsetend="193" sl="92" fileid="1" />
                <BranchPoint vc="17" uspid="98" ordinal="20" path="1" offset="454" offsetend="246" sl="98" fileid="1" />
                <BranchPoint vc="17" uspid="101" ordinal="13" path="0" offset="270" offsetend="272" sl="101" fileid="1" />
                <BranchPoint vc="0" uspid="101" ordinal="14" path="1" offset="270" offsetend="286" sl="101" fileid="1" />
                <BranchPoint vc="0" uspid="101" ordinal="15" path="0" offset="284" offsetend="286" sl="101" fileid="1" />
                <BranchPoint vc="17" uspid="101" ordinal="16" path="1" offset="284" offsetend="312" sl="101" fileid="1" />
                <BranchPoint vc="17" uspid="109" ordinal="17" path="0" offset="404" offsetend="406" sl="109" fileid="1" />
                <BranchPoint vc="0" uspid="109" ordinal="18" path="1" offset="404" offsetend="434" sl="109" fileid="1" />
                <BranchPoint vc="15" uspid="98" ordinal="19" path="0" offset="454" offsetend="459" sl="98" fileid="1" />
                <BranchPoint vc="7" uspid="115" ordinal="21" path="0" offset="474" offsetend="479" sl="115" fileid="1" />
                <BranchPoint vc="7" uspid="115" ordinal="23" path="0" offset="481" offsetend="486" sl="115" fileid="1" />
                <BranchPoint vc="13" uspid="118" ordinal="26" path="1" offset="572" offsetend="542" sl="118" fileid="1" />
                <BranchPoint vc="7" uspid="118" ordinal="25" path="0" offset="572" offsetend="574" sl="118" fileid="1" />
                <BranchPoint vc="8" uspid="115" ordinal="22" path="1" offset="474" offsetend="644" sl="115" fileid="1" />
                <BranchPoint vc="8" uspid="115" ordinal="24" path="1" offset="481" offsetend="644" sl="115" fileid="1" />
                <BranchPoint vc="8" uspid="124" ordinal="27" path="0" offset="646" offsetend="651" sl="124" fileid="1" />
                <BranchPoint vc="4" uspid="130" ordinal="46" path="1" offset="1218" offsetend="712" sl="130" fileid="1" />
                <BranchPoint vc="2" uspid="135" ordinal="29" path="0" offset="758" offsetend="760" sl="135" fileid="1" />
                <BranchPoint vc="2" uspid="135" ordinal="30" path="1" offset="758" offsetend="768" sl="135" fileid="1" />
                <BranchPoint vc="2" uspid="141" ordinal="38" path="1" offset="1002" offsetend="794" sl="141" fileid="1" />
                <BranchPoint vc="2" uspid="144" ordinal="31" path="0" offset="818" offsetend="820" sl="144" fileid="1" />
                <BranchPoint vc="0" uspid="144" ordinal="32" path="1" offset="818" offsetend="834" sl="144" fileid="1" />
                <BranchPoint vc="0" uspid="144" ordinal="33" path="0" offset="832" offsetend="834" sl="144" fileid="1" />
                <BranchPoint vc="2" uspid="144" ordinal="34" path="1" offset="832" offsetend="860" sl="144" fileid="1" />
                <BranchPoint vc="2" uspid="152" ordinal="35" path="0" offset="952" offsetend="954" sl="152" fileid="1" />
                <BranchPoint vc="0" uspid="152" ordinal="36" path="1" offset="952" offsetend="982" sl="152" fileid="1" />
                <BranchPoint vc="2" uspid="141" ordinal="37" path="0" offset="1002" offsetend="1007" sl="141" fileid="1" />
                <BranchPoint vc="3" uspid="160" ordinal="39" path="0" offset="1013" offsetend="1018" sl="160" fileid="1" />
                <BranchPoint vc="6" uspid="164" ordinal="42" path="1" offset="1117" offsetend="1087" sl="164" fileid="1" />
                <BranchPoint vc="3" uspid="164" ordinal="41" path="0" offset="1117" offsetend="1119" sl="164" fileid="1" />
                <BranchPoint vc="4" uspid="160" ordinal="40" path="1" offset="1013" offsetend="1199" sl="160" fileid="1" />
                <BranchPoint vc="5" uspid="130" ordinal="43" path="0" offset="1214" offsetend="1216" sl="130" fileid="1" />
                <BranchPoint vc="8" uspid="130" ordinal="44" path="1" offset="1214" offsetend="1223" sl="130" fileid="1" />
                <BranchPoint vc="8" uspid="130" ordinal="45" path="0" offset="1218" offsetend="1223" sl="130" fileid="1" />
                <BranchPoint vc="5" uspid="173" ordinal="48" path="1" offset="1257" offsetend="1228" sl="173" fileid="1" />
                <BranchPoint vc="15" uspid="124" ordinal="28" path="1" offset="646" offsetend="1259" sl="124" fileid="1" />
                <BranchPoint vc="15" uspid="173" ordinal="47" path="0" offset="1257" offsetend="1259" sl="173" fileid="1" />
                <BranchPoint vc="97" uspid="92" ordinal="12" path="1" offset="188" offsetend="1273" sl="92" fileid="1" />
                <BranchPoint vc="14" uspid="183" ordinal="49" path="0" offset="1290" offsetend="1295" sl="183" fileid="1" />
                <BranchPoint vc="14" uspid="190" ordinal="51" path="0" offset="1336" offsetend="1338" sl="190" fileid="1" />
                <BranchPoint vc="0" uspid="190" ordinal="52" path="1" offset="1336" offsetend="1351" sl="190" fileid="1" />
                <BranchPoint vc="0" uspid="190" ordinal="53" path="0" offset="1349" offsetend="1351" sl="190" fileid="1" />
                <BranchPoint vc="14" uspid="190" ordinal="54" path="1" offset="1349" offsetend="1376" sl="190" fileid="1" />
                <BranchPoint vc="0" uspid="197" ordinal="55" path="0" offset="1419" offsetend="1421" sl="197" fileid="1" />
                <BranchPoint vc="14" uspid="197" ordinal="56" path="1" offset="1419" offsetend="1443" sl="197" fileid="1" />
                <BranchPoint vc="0" uspid="208" ordinal="57" path="0" offset="1464" offsetend="1466" sl="208" fileid="1" />
                <BranchPoint vc="14" uspid="208" ordinal="58" path="1" offset="1464" offsetend="1469" sl="208" fileid="1" />
                <BranchPoint vc="0" uspid="208" ordinal="59" path="0" offset="1476" offsetend="1478" sl="208" fileid="1" />
                <BranchPoint vc="14" uspid="208" ordinal="60" path="1" offset="1476" offsetend="1482" sl="208" fileid="1" />
                <BranchPoint vc="10" uspid="210" ordinal="61" path="0" offset="1496" offsetend="1501" sl="210" fileid="1" />
                <BranchPoint vc="17" uspid="212" ordinal="120" path="1" offset="2381" offsetend="1509" sl="212" fileid="1" />
                <BranchPoint vc="17" uspid="217" ordinal="63" path="0" offset="1540" offsetend="1542" sl="217" fileid="1" />
                <BranchPoint vc="0" uspid="217" ordinal="64" path="1" offset="1540" offsetend="1556" sl="217" fileid="1" />
                <BranchPoint vc="0" uspid="217" ordinal="65" path="0" offset="1554" offsetend="1556" sl="217" fileid="1" />
                <BranchPoint vc="17" uspid="217" ordinal="66" path="1" offset="1554" offsetend="1582" sl="217" fileid="1" />
                <BranchPoint vc="10" uspid="225" ordinal="67" path="0" offset="1663" offsetend="1668" sl="225" fileid="1" />
                <BranchPoint vc="13" uspid="237" ordinal="72" path="1" offset="1904" offsetend="1751" sl="237" fileid="1" />
                <BranchPoint vc="4" uspid="245" ordinal="69" path="0" offset="1814" offsetend="1816" sl="245" fileid="1" />
                <BranchPoint vc="9" uspid="245" ordinal="70" path="1" offset="1814" offsetend="1849" sl="245" fileid="1" />
                <BranchPoint vc="10" uspid="237" ordinal="71" path="0" offset="1904" offsetend="1909" sl="237" fileid="1" />
                <BranchPoint vc="7" uspid="225" ordinal="68" path="1" offset="1663" offsetend="1932" sl="225" fileid="1" />
                <BranchPoint vc="3" uspid="264" ordinal="73" path="0" offset="1960" offsetend="1962" sl="264" fileid="1" />
                <BranchPoint vc="4" uspid="264" ordinal="74" path="1" offset="1960" offsetend="1986" sl="264" fileid="1" />
                <BranchPoint vc="1" uspid="271" ordinal="75" path="0" offset="2004" offsetend="2006" sl="271" fileid="1" />
                <BranchPoint vc="1" uspid="271" ordinal="77" path="0" offset="2013" offsetend="2015" sl="271" fileid="1" />
                <BranchPoint vc="0" uspid="274" ordinal="79" path="0" offset="2017" offsetend="2019" sl="274" fileid="1" />
                <BranchPoint vc="1" uspid="274" ordinal="80" path="1" offset="2017" offsetend="2041" sl="274" fileid="1" />
                <BranchPoint vc="0" uspid="276" ordinal="81" path="0" offset="2042" offsetend="2044" sl="276" fileid="1" />
                <BranchPoint vc="1" uspid="276" ordinal="82" path="1" offset="2042" offsetend="2047" sl="276" fileid="1" />
                <BranchPoint vc="0" uspid="276" ordinal="83" path="0" offset="2054" offsetend="2056" sl="276" fileid="1" />
                <BranchPoint vc="1" uspid="276" ordinal="84" path="1" offset="2054" offsetend="2060" sl="276" fileid="1" />
                <BranchPoint vc="1" uspid="276" ordinal="85" path="0" offset="2070" offsetend="2075" sl="276" fileid="1" />
                <BranchPoint vc="1" uspid="276" ordinal="87" path="0" offset="2082" offsetend="2087" sl="276" fileid="1" />
                <BranchPoint vc="3" uspid="271" ordinal="76" path="1" offset="2004" offsetend="2113" sl="271" fileid="1" />
                <BranchPoint vc="3" uspid="271" ordinal="78" path="1" offset="2013" offsetend="2113" sl="271" fileid="1" />
                <BranchPoint vc="3" uspid="282" ordinal="89" path="0" offset="2131" offsetend="2133" sl="282" fileid="1" />
                <BranchPoint vc="3" uspid="282" ordinal="91" path="0" offset="2140" offsetend="2142" sl="282" fileid="1" />
                <BranchPoint vc="2" uspid="285" ordinal="93" path="0" offset="2144" offsetend="2146" sl="285" fileid="1" />
                <BranchPoint vc="1" uspid="285" ordinal="94" path="1" offset="2144" offsetend="2158" sl="285" fileid="1" />
                <BranchPoint vc="0" uspid="287" ordinal="95" path="0" offset="2159" offsetend="2161" sl="287" fileid="1" />
                <BranchPoint vc="1" uspid="287" ordinal="96" path="1" offset="2159" offsetend="2164" sl="287" fileid="1" />
                <BranchPoint vc="0" uspid="287" ordinal="97" path="0" offset="2171" offsetend="2173" sl="287" fileid="1" />
                <BranchPoint vc="1" uspid="287" ordinal="98" path="1" offset="2171" offsetend="2177" sl="287" fileid="1" />
                <BranchPoint vc="1" uspid="287" ordinal="99" path="0" offset="2187" offsetend="2192" sl="287" fileid="1" />
                <BranchPoint vc="1" uspid="287" ordinal="101" path="0" offset="2199" offsetend="2204" sl="287" fileid="1" />
                <BranchPoint vc="0" uspid="282" ordinal="90" path="1" offset="2131" offsetend="2230" sl="282" fileid="1" />
                <BranchPoint vc="0" uspid="282" ordinal="92" path="1" offset="2140" offsetend="2230" sl="282" fileid="1" />
                <BranchPoint vc="0" uspid="293" ordinal="103" path="0" offset="2248" offsetend="2250" sl="293" fileid="1" />
                <BranchPoint vc="0" uspid="293" ordinal="105" path="0" offset="2259" offsetend="2261" sl="293" fileid="1" />
                <BranchPoint vc="0" uspid="296" ordinal="107" path="0" offset="2263" offsetend="2265" sl="296" fileid="1" />
                <BranchPoint vc="0" uspid="296" ordinal="108" path="1" offset="2263" offsetend="2274" sl="296" fileid="1" />
                <BranchPoint vc="0" uspid="298" ordinal="109" path="0" offset="2275" offsetend="2277" sl="298" fileid="1" />
                <BranchPoint vc="0" uspid="298" ordinal="110" path="1" offset="2275" offsetend="2280" sl="298" fileid="1" />
                <BranchPoint vc="0" uspid="298" ordinal="111" path="0" offset="2287" offsetend="2289" sl="298" fileid="1" />
                <BranchPoint vc="0" uspid="298" ordinal="112" path="1" offset="2287" offsetend="2293" sl="298" fileid="1" />
                <BranchPoint vc="0" uspid="298" ordinal="113" path="0" offset="2303" offsetend="2305" sl="298" fileid="1" />
                <BranchPoint vc="0" uspid="298" ordinal="115" path="0" offset="2312" offsetend="2314" sl="298" fileid="1" />
                <BranchPoint vc="0" uspid="293" ordinal="104" path="1" offset="2248" offsetend="2337" sl="293" fileid="1" />
                <BranchPoint vc="0" uspid="293" ordinal="106" path="1" offset="2259" offsetend="2337" sl="293" fileid="1" />
                <BranchPoint vc="0" uspid="304" ordinal="117" path="0" offset="2344" offsetend="2346" sl="304" fileid="1" />
                <BranchPoint vc="17" uspid="276" ordinal="86" path="1" offset="2070" offsetend="2369" sl="276" fileid="1" />
                <BranchPoint vc="17" uspid="276" ordinal="88" path="1" offset="2082" offsetend="2369" sl="276" fileid="1" />
                <BranchPoint vc="17" uspid="287" ordinal="100" path="1" offset="2187" offsetend="2369" sl="287" fileid="1" />
                <BranchPoint vc="17" uspid="287" ordinal="102" path="1" offset="2199" offsetend="2369" sl="287" fileid="1" />
                <BranchPoint vc="17" uspid="298" ordinal="114" path="1" offset="2303" offsetend="2369" sl="298" fileid="1" />
                <BranchPoint vc="17" uspid="298" ordinal="116" path="1" offset="2312" offsetend="2369" sl="298" fileid="1" />
                <BranchPoint vc="17" uspid="304" ordinal="118" path="1" offset="2344" offsetend="2369" sl="304" fileid="1" />
                <BranchPoint vc="14" uspid="210" ordinal="62" path="1" offset="1496" offsetend="2386" sl="210" fileid="1" />
                <BranchPoint vc="14" uspid="212" ordinal="119" path="0" offset="2381" offsetend="2386" sl="212" fileid="1" />
                <BranchPoint vc="5" uspid="311" ordinal="121" path="0" offset="2388" offsetend="2390" sl="311" fileid="1" />
                <BranchPoint vc="9" uspid="311" ordinal="122" path="1" offset="2388" offsetend="2405" sl="311" fileid="1" />
                <BranchPoint vc="0" uspid="313" ordinal="123" path="0" offset="2406" offsetend="2408" sl="313" fileid="1" />
                <BranchPoint vc="9" uspid="313" ordinal="124" path="1" offset="2406" offsetend="2411" sl="313" fileid="1" />
                <BranchPoint vc="0" uspid="313" ordinal="125" path="0" offset="2418" offsetend="2420" sl="313" fileid="1" />
                <BranchPoint vc="9" uspid="313" ordinal="126" path="1" offset="2418" offsetend="2424" sl="313" fileid="1" />
                <BranchPoint vc="7" uspid="313" ordinal="127" path="0" offset="2434" offsetend="2439" sl="313" fileid="1" />
                <BranchPoint vc="4" uspid="317" ordinal="129" path="0" offset="2475" offsetend="2480" sl="317" fileid="1" />
                <BranchPoint vc="8" uspid="319" ordinal="132" path="1" offset="2521" offsetend="2496" sl="319" fileid="1" />
                <BranchPoint vc="4" uspid="319" ordinal="131" path="0" offset="2521" offsetend="2523" sl="319" fileid="1" />
                <BranchPoint vc="83" uspid="183" ordinal="50" path="1" offset="1290" offsetend="2540" sl="183" fileid="1" />
                <BranchPoint vc="8" uspid="324" ordinal="133" path="0" offset="2557" offsetend="2562" sl="324" fileid="1" />
                <BranchPoint vc="8" uspid="330" ordinal="142" path="1" offset="2809" offsetend="2598" sl="330" fileid="1" />
                <BranchPoint vc="8" uspid="335" ordinal="135" path="0" offset="2628" offsetend="2630" sl="335" fileid="1" />
                <BranchPoint vc="0" uspid="335" ordinal="136" path="1" offset="2628" offsetend="2644" sl="335" fileid="1" />
                <BranchPoint vc="0" uspid="335" ordinal="137" path="0" offset="2642" offsetend="2644" sl="335" fileid="1" />
                <BranchPoint vc="8" uspid="335" ordinal="138" path="1" offset="2642" offsetend="2670" sl="335" fileid="1" />
                <BranchPoint vc="8" uspid="344" ordinal="139" path="0" offset="2762" offsetend="2764" sl="344" fileid="1" />
                <BranchPoint vc="0" uspid="344" ordinal="140" path="1" offset="2762" offsetend="2789" sl="344" fileid="1" />
                <BranchPoint vc="8" uspid="330" ordinal="141" path="0" offset="2809" offsetend="2814" sl="330" fileid="1" />
                <BranchPoint vc="4" uspid="351" ordinal="143" path="0" offset="2816" offsetend="2818" sl="351" fileid="1" />
                <BranchPoint vc="4" uspid="351" ordinal="144" path="1" offset="2816" offsetend="2856" sl="351" fileid="1" />
                <BranchPoint vc="75" uspid="324" ordinal="134" path="1" offset="2557" offsetend="2863" sl="324" fileid="1" />
                <BranchPoint vc="3" uspid="80" ordinal="6" path="2" offset="63" offsetend="2882" sl="80" fileid="1" />
                <BranchPoint vc="72" uspid="80" ordinal="4" path="0" offset="63" offsetend="2931" sl="80" fileid="1" />
                <BranchPoint vc="72" uspid="80" ordinal="7" path="3" offset="63" offsetend="2931" sl="80" fileid="1" />
                <BranchPoint vc="166" uspid="313" ordinal="128" path="1" offset="2434" offsetend="2956" sl="313" fileid="1" />
                <BranchPoint vc="166" uspid="317" ordinal="130" path="1" offset="2475" offsetend="2956" sl="317" fileid="1" />
              </BranchPoints>
              <MethodPoint vc="146" uspid="0" p8:type="SequencePoint" ordinal="3" offset="3" sc="0" sl="75" ec="1" el="375" bec="0" bev="0" fileid="1" xmlns:p8="xsi" />
            </Method>
            <Method cyclomaticComplexity="52" nPathComplexity="52" sequenceCoverage="65.95" branchCoverage="61.53" isConstructor="False" isGetter="False" isSetter="False" isStatic="True">
              <Summary numSequencePoints="47" visitedSequencePoints="31" numBranchPoints="52" visitedBranchPoints="32" sequenceCoverage="65.95" branchCoverage="61.53" maxCyclomaticComplexity="52" minCyclomaticComplexity="52" visitedClasses="0" numClasses="0" visitedMethods="1" numMethods="1" />
              <MetadataToken />
              <Name>Newtonsoft.Json.Linq.JToken JSLTSharp.JsonTransform::ApplyTransformationOnEntry(Newtonsoft.Json.Linq.JToken,Newtonsoft.Json.Linq.JToken,Newtonsoft.Json.Linq.JValue)</Name>
              <FileRef uid="1" />
              <SequencePoints>
                <SequencePoint vc="76" uspid="381" ordinal="0" sl="381" sc="1" el="381" ec="2" bec="0" bev="0" fileid="1" />
                <SequencePoint vc="76" uspid="382" ordinal="1" sl="382" sc="1" el="382" ec="2" bec="2" bev="1" fileid="1" />
                <SequencePoint vc="0" uspid="383" ordinal="2" sl="383" sc="1" el="383" ec="2" bec="0" bev="0" fileid="1" />
                <SequencePoint vc="76" uspid="385" ordinal="3" sl="385" sc="1" el="385" ec="2" bec="0" bev="0" fileid="1" />
                <SequencePoint vc="76" uspid="386" ordinal="4" sl="386" sc="1" el="386" ec="2" bec="0" bev="0" fileid="1" />
                <SequencePoint vc="76" uspid="388" ordinal="5" sl="388" sc="1" el="388" ec="2" bec="0" bev="0" fileid="1" />
                <SequencePoint vc="76" uspid="389" ordinal="6" sl="389" sc="1" el="389" ec="2" bec="2" bev="2" fileid="1" />
                <SequencePoint vc="3" uspid="390" ordinal="7" sl="390" sc="1" el="390" ec="2" bec="0" bev="0" fileid="1" />
                <SequencePoint vc="73" uspid="391" ordinal="8" sl="391" sc="1" el="391" ec="2" bec="4" bev="4" fileid="1" />
                <SequencePoint vc="46" uspid="392" ordinal="9" sl="392" sc="1" el="392" ec="2" bec="0" bev="0" fileid="1" />
                <SequencePoint vc="27" uspid="394" ordinal="10" sl="394" sc="1" el="394" ec="2" bec="0" bev="0" fileid="1" />
                <SequencePoint vc="76" uspid="396" ordinal="11" sl="396" sc="1" el="396" ec="2" bec="2" bev="2" fileid="1" />
                <SequencePoint vc="2" uspid="397" ordinal="12" sl="397" sc="1" el="397" ec="2" bec="0" bev="0" fileid="1" />
                <SequencePoint vc="76" uspid="399" ordinal="13" sl="399" sc="1" el="399" ec="2" bec="0" bev="0" fileid="1" />
                <SequencePoint vc="216" uspid="402" ordinal="14" sl="402" sc="1" el="402" ec="2" bec="6" bev="5" fileid="1" />
                <SequencePoint vc="32" uspid="404" ordinal="15" sl="404" sc="1" el="404" ec="2" bec="0" bev="0" fileid="1" />
                <SequencePoint vc="32" uspid="406" ordinal="16" sl="406" sc="1" el="406" ec="2" bec="0" bev="0" fileid="1" />
                <SequencePoint vc="32" uspid="407" ordinal="17" sl="407" sc="1" el="407" ec="2" bec="4" bev="2" fileid="1" />
                <SequencePoint vc="0" uspid="408" ordinal="18" sl="408" sc="1" el="408" ec="2" bec="0" bev="0" fileid="1" />
                <SequencePoint vc="32" uspid="410" ordinal="19" sl="410" sc="1" el="410" ec="2" bec="0" bev="0" fileid="1" />
                <SequencePoint vc="32" uspid="411" ordinal="20" sl="411" sc="1" el="411" ec="2" bec="0" bev="0" fileid="1" />
                <SequencePoint vc="32" uspid="413" ordinal="21" sl="413" sc="1" el="413" ec="2" bec="0" bev="0" fileid="1" />
                <SequencePoint vc="142" uspid="415" ordinal="22" sl="415" sc="1" el="415" ec="2" bec="0" bev="0" fileid="1" />
                <SequencePoint vc="32" uspid="416" ordinal="23" sl="416" sc="1" el="416" ec="2" bec="2" bev="2" fileid="1" />
                <SequencePoint vc="29" uspid="418" ordinal="24" sl="418" sc="1" el="418" ec="2" bec="0" bev="0" fileid="1" />
                <SequencePoint vc="3" uspid="422" ordinal="25" sl="422" sc="1" el="422" ec="2" bec="6" bev="2" fileid="1" />
                <SequencePoint vc="3" uspid="425" ordinal="26" sl="425" sc="1" el="425" ec="2" bec="6" bev="6" fileid="1" />
                <SequencePoint vc="3" uspid="426" ordinal="27" sl="426" sc="1" el="426" ec="2" bec="0" bev="0" fileid="1" />
                <SequencePoint vc="2" uspid="427" ordinal="28" sl="427" sc="1" el="427" ec="2" bec="0" bev="0" fileid="1" />
                <SequencePoint vc="2" uspid="428" ordinal="29" sl="428" sc="1" el="428" ec="2" bec="0" bev="0" fileid="1" />
                <SequencePoint vc="0" uspid="430" ordinal="30" sl="430" sc="1" el="430" ec="2" bec="0" bev="0" fileid="1" />
                <SequencePoint vc="0" uspid="432" ordinal="31" sl="432" sc="1" el="432" ec="2" bec="6" bev="0" fileid="1" />
                <SequencePoint vc="0" uspid="433" ordinal="32" sl="433" sc="1" el="433" ec="2" bec="0" bev="0" fileid="1" />
                <SequencePoint vc="0" uspid="434" ordinal="33" sl="434" sc="1" el="434" ec="2" bec="0" bev="0" fileid="1" />
                <SequencePoint vc="0" uspid="436" ordinal="34" sl="436" sc="1" el="436" ec="2" bec="2" bev="1" fileid="1" />
                <SequencePoint vc="0" uspid="438" ordinal="35" sl="438" sc="1" el="438" ec="2" bec="0" bev="0" fileid="1" />
                <SequencePoint vc="0" uspid="439" ordinal="36" sl="439" sc="1" el="439" ec="2" bec="0" bev="0" fileid="1" />
                <SequencePoint vc="0" uspid="441" ordinal="37" sl="441" sc="1" el="441" ec="2" bec="0" bev="0" fileid="1" />
                <SequencePoint vc="0" uspid="443" ordinal="38" sl="443" sc="1" el="443" ec="2" bec="2" bev="0" fileid="1" />
                <SequencePoint vc="0" uspid="444" ordinal="39" sl="444" sc="1" el="444" ec="2" bec="0" bev="0" fileid="1" />
                <SequencePoint vc="0" uspid="446" ordinal="40" sl="446" sc="1" el="446" ec="2" bec="0" bev="0" fileid="1" />
                <SequencePoint vc="0" uspid="447" ordinal="41" sl="447" sc="1" el="447" ec="2" bec="4" bev="1" fileid="1" />
                <SequencePoint vc="0" uspid="449" ordinal="42" sl="449" sc="1" el="449" ec="2" bec="0" bev="0" fileid="1" />
                <SequencePoint vc="0" uspid="450" ordinal="43" sl="450" sc="1" el="450" ec="2" bec="0" bev="0" fileid="1" />
                <SequencePoint vc="76" uspid="460" ordinal="44" sl="460" sc="1" el="460" ec="2" bec="4" bev="4" fileid="1" />
                <SequencePoint vc="72" uspid="462" ordinal="45" sl="462" sc="1" el="462" ec="2" bec="0" bev="0" fileid="1" />
                <SequencePoint vc="76" uspid="465" ordinal="46" sl="465" sc="1" el="465" ec="2" bec="0" bev="0" fileid="1" />
              </SequencePoints>
              <BranchPoints>
                <BranchPoint vc="0" uspid="382" ordinal="0" path="0" offset="18" offsetend="20" sl="382" fileid="1" />
                <BranchPoint vc="76" uspid="382" ordinal="1" path="1" offset="18" offsetend="26" sl="382" fileid="1" />
                <BranchPoint vc="3" uspid="389" ordinal="2" path="0" offset="51" offsetend="53" sl="389" fileid="1" />
                <BranchPoint vc="73" uspid="389" ordinal="3" path="1" offset="51" offsetend="61" sl="389" fileid="1" />
                <BranchPoint vc="27" uspid="391" ordinal="4" path="0" offset="72" offsetend="74" sl="391" fileid="1" />
                <BranchPoint vc="46" uspid="391" ordinal="5" path="1" offset="72" offsetend="87" sl="391" fileid="1" />
                <BranchPoint vc="46" uspid="391" ordinal="6" path="0" offset="85" offsetend="87" sl="391" fileid="1" />
                <BranchPoint vc="27" uspid="391" ordinal="7" path="1" offset="85" offsetend="97" sl="391" fileid="1" />
                <BranchPoint vc="2" uspid="396" ordinal="8" path="0" offset="105" offsetend="107" sl="396" fileid="1" />
                <BranchPoint vc="76" uspid="396" ordinal="9" path="1" offset="105" offsetend="113" sl="396" fileid="1" />
                <BranchPoint vc="32" uspid="402" ordinal="47" path="1" offset="576" offsetend="124" sl="402" fileid="1" />
                <BranchPoint vc="32" uspid="407" ordinal="10" path="0" offset="153" offsetend="155" sl="407" fileid="1" />
                <BranchPoint vc="0" uspid="407" ordinal="11" path="1" offset="153" offsetend="167" sl="407" fileid="1" />
                <BranchPoint vc="0" uspid="407" ordinal="12" path="0" offset="165" offsetend="167" sl="407" fileid="1" />
                <BranchPoint vc="32" uspid="407" ordinal="13" path="1" offset="165" offsetend="192" sl="407" fileid="1" />
                <BranchPoint vc="29" uspid="416" ordinal="14" path="0" offset="281" offsetend="283" sl="416" fileid="1" />
                <BranchPoint vc="3" uspid="416" ordinal="15" path="1" offset="281" offsetend="302" sl="416" fileid="1" />
                <BranchPoint vc="0" uspid="422" ordinal="16" path="0" offset="328" offsetend="330" sl="422" fileid="1" />
                <BranchPoint vc="0" uspid="422" ordinal="18" path="0" offset="342" offsetend="344" sl="422" fileid="1" />
                <BranchPoint vc="3" uspid="422" ordinal="17" path="1" offset="328" offsetend="363" sl="422" fileid="1" />
                <BranchPoint vc="1" uspid="425" ordinal="22" path="0" offset="372" offsetend="374" sl="425" fileid="1" />
                <BranchPoint vc="1" uspid="425" ordinal="24" path="0" offset="382" offsetend="387" sl="425" fileid="1" />
                <BranchPoint vc="2" uspid="425" ordinal="23" path="1" offset="372" offsetend="404" sl="425" fileid="1" />
                <BranchPoint vc="2" uspid="425" ordinal="26" path="0" offset="399" offsetend="404" sl="425" fileid="1" />
                <BranchPoint vc="0" uspid="422" ordinal="19" path="1" offset="342" offsetend="421" sl="422" fileid="1" />
                <BranchPoint vc="0" uspid="432" ordinal="28" path="0" offset="433" offsetend="435" sl="432" fileid="1" />
                <BranchPoint vc="0" uspid="432" ordinal="30" path="0" offset="443" offsetend="445" sl="432" fileid="1" />
                <BranchPoint vc="0" uspid="432" ordinal="29" path="1" offset="433" offsetend="459" sl="432" fileid="1" />
                <BranchPoint vc="0" uspid="432" ordinal="32" path="0" offset="457" offsetend="459" sl="432" fileid="1" />
                <BranchPoint vc="0" uspid="432" ordinal="31" path="1" offset="443" offsetend="462" sl="432" fileid="1" />
                <BranchPoint vc="0" uspid="432" ordinal="33" path="1" offset="457" offsetend="462" sl="432" fileid="1" />
                <BranchPoint vc="0" uspid="436" ordinal="34" path="0" offset="464" offsetend="466" sl="436" fileid="1" />
                <BranchPoint vc="0" uspid="422" ordinal="21" path="1" offset="356" offsetend="481" sl="422" fileid="1" />
                <BranchPoint vc="0" uspid="443" ordinal="36" path="0" offset="489" offsetend="491" sl="443" fileid="1" />
                <BranchPoint vc="0" uspid="443" ordinal="37" path="1" offset="489" offsetend="509" sl="443" fileid="1" />
                <BranchPoint vc="0" uspid="447" ordinal="38" path="0" offset="527" offsetend="529" sl="447" fileid="1" />
                <BranchPoint vc="0" uspid="447" ordinal="39" path="1" offset="527" offsetend="538" sl="447" fileid="1" />
                <BranchPoint vc="0" uspid="447" ordinal="40" path="0" offset="536" offsetend="538" sl="447" fileid="1" />
                <BranchPoint vc="32" uspid="422" ordinal="20" path="0" offset="356" offsetend="551" sl="422" fileid="1" />
                <BranchPoint vc="32" uspid="425" ordinal="25" path="1" offset="382" offsetend="551" sl="425" fileid="1" />
                <BranchPoint vc="32" uspid="425" ordinal="27" path="1" offset="399" offsetend="551" sl="425" fileid="1" />
                <BranchPoint vc="32" uspid="436" ordinal="35" path="1" offset="464" offsetend="551" sl="436" fileid="1" />
                <BranchPoint vc="32" uspid="447" ordinal="41" path="1" offset="536" offsetend="551" sl="447" fileid="1" />
                <BranchPoint vc="32" uspid="402" ordinal="42" path="0" offset="562" offsetend="564" sl="402" fileid="1" />
                <BranchPoint vc="0" uspid="402" ordinal="44" path="0" offset="565" offsetend="567" sl="402" fileid="1" />
                <BranchPoint vc="32" uspid="402" ordinal="45" path="1" offset="565" offsetend="570" sl="402" fileid="1" />
                <BranchPoint vc="76" uspid="402" ordinal="43" path="1" offset="562" offsetend="581" sl="402" fileid="1" />
                <BranchPoint vc="76" uspid="402" ordinal="46" path="0" offset="576" offsetend="581" sl="402" fileid="1" />
                <BranchPoint vc="4" uspid="460" ordinal="48" path="0" offset="582" offsetend="584" sl="460" fileid="1" />
                <BranchPoint vc="72" uspid="460" ordinal="49" path="1" offset="582" offsetend="587" sl="460" fileid="1" />
                <BranchPoint vc="72" uspid="460" ordinal="50" path="0" offset="593" offsetend="595" sl="460" fileid="1" />
                <BranchPoint vc="76" uspid="460" ordinal="51" path="1" offset="593" offsetend="603" sl="460" fileid="1" />
              </BranchPoints>
              <MethodPoint vc="31" uspid="0" p8:type="SequencePoint" ordinal="4" offset="4" sc="0" sl="381" ec="1" el="465" bec="0" bev="0" fileid="1" xmlns:p8="xsi" />
            </Method>
            <Method cyclomaticComplexity="1" nPathComplexity="1" sequenceCoverage="0" branchCoverage="100" isConstructor="True" isGetter="False" isSetter="False" isStatic="True">
              <Summary numSequencePoints="3" visitedSequencePoints="0" numBranchPoints="0" visitedBranchPoints="0" sequenceCoverage="0" branchCoverage="100" maxCyclomaticComplexity="1" minCyclomaticComplexity="1" visitedClasses="0" numClasses="0" visitedMethods="0" numMethods="1" />
              <MetadataToken />
              <Name>System.Void JSLTSharp.JsonTransform::.ctor()</Name>
              <FileRef uid="1" />
              <SequencePoints>
                <SequencePoint vc="0" uspid="23" ordinal="0" sl="23" sc="1" el="23" ec="2" bec="0" bev="0" fileid="1" />
                <SequencePoint vc="0" uspid="24" ordinal="1" sl="24" sc="1" el="24" ec="2" bec="0" bev="0" fileid="1" />
                <SequencePoint vc="0" uspid="26" ordinal="2" sl="26" sc="1" el="26" ec="2" bec="0" bev="0" fileid="1" />
              </SequencePoints>
              <BranchPoints />
              <MethodPoint vc="0" uspid="0" p8:type="SequencePoint" ordinal="5" offset="5" sc="0" sl="23" ec="1" el="26" bec="0" bev="0" fileid="1" xmlns:p8="xsi" />
            </Method>
            <Method cyclomaticComplexity="1" nPathComplexity="1" sequenceCoverage="100" branchCoverage="100" isConstructor="True" isGetter="False" isSetter="False" isStatic="True">
              <Summary numSequencePoints="5" visitedSequencePoints="5" numBranchPoints="0" visitedBranchPoints="0" sequenceCoverage="100" branchCoverage="100" maxCyclomaticComplexity="1" minCyclomaticComplexity="1" visitedClasses="0" numClasses="0" visitedMethods="1" numMethods="1" />
              <MetadataToken />
              <Name>System.Void JSLTSharp.JsonTransform::.ctor(System.Collections.Generic.IEnumerable`1&lt;JSLTSharp.JsonTransforms.Abstractions.IJsonTransformConditionalCustomOperation&gt;,System.Collections.Generic.IEnumerable`1&lt;JSLTSharp.JsonTransforms.Abstractions.IJsonTransformCustomOperation&gt;)</Name>
              <FileRef uid="1" />
              <SequencePoints>
                <SequencePoint vc="66" uspid="33" ordinal="0" sl="33" sc="1" el="33" ec="2" bec="0" bev="0" fileid="1" />
                <SequencePoint vc="66" uspid="34" ordinal="1" sl="34" sc="1" el="34" ec="2" bec="0" bev="0" fileid="1" />
                <SequencePoint vc="66" uspid="36" ordinal="2" sl="36" sc="1" el="36" ec="2" bec="0" bev="0" fileid="1" />
                <SequencePoint vc="66" uspid="37" ordinal="3" sl="37" sc="1" el="37" ec="2" bec="0" bev="0" fileid="1" />
                <SequencePoint vc="66" uspid="38" ordinal="4" sl="38" sc="1" el="38" ec="2" bec="0" bev="0" fileid="1" />
              </SequencePoints>
              <BranchPoints />
              <MethodPoint vc="5" uspid="0" p8:type="SequencePoint" ordinal="6" offset="6" sc="0" sl="33" ec="1" el="38" bec="0" bev="0" fileid="1" xmlns:p8="xsi" />
            </Method>
          </Methods>
        </Class>
        <Class>
          <Summary numSequencePoints="13" visitedSequencePoints="13" numBranchPoints="0" visitedBranchPoints="0" sequenceCoverage="100" branchCoverage="100" maxCyclomaticComplexity="1" minCyclomaticComplexity="1" visitedClasses="1" numClasses="1" visitedMethods="1" numMethods="1" />
          <FullName>JSLTSharp.JsonTransforms.Extensions.JsonTransformExtensions</FullName>
          <Methods>
            <Method cyclomaticComplexity="1" nPathComplexity="1" sequenceCoverage="100" branchCoverage="100" isConstructor="False" isGetter="False" isSetter="False" isStatic="True">
              <Summary numSequencePoints="13" visitedSequencePoints="13" numBranchPoints="0" visitedBranchPoints="0" sequenceCoverage="100" branchCoverage="100" maxCyclomaticComplexity="1" minCyclomaticComplexity="1" visitedClasses="0" numClasses="0" visitedMethods="1" numMethods="1" />
              <MetadataToken />
              <Name>System.Void JSLTSharp.JsonTransforms.Extensions.JsonTransformExtensions::RegisterJsonCustomTransformFunctions(Microsoft.Extensions.DependencyInjection.IServiceCollection)</Name>
              <FileRef uid="2" />
              <SequencePoints>
                <SequencePoint vc="66" uspid="16" ordinal="0" sl="16" sc="1" el="16" ec="2" bec="0" bev="0" fileid="2" />
                <SequencePoint vc="66" uspid="17" ordinal="1" sl="17" sc="1" el="17" ec="2" bec="0" bev="0" fileid="2" />
                <SequencePoint vc="66" uspid="18" ordinal="2" sl="18" sc="1" el="18" ec="2" bec="0" bev="0" fileid="2" />
                <SequencePoint vc="66" uspid="19" ordinal="3" sl="19" sc="1" el="19" ec="2" bec="0" bev="0" fileid="2" />
                <SequencePoint vc="66" uspid="20" ordinal="4" sl="20" sc="1" el="20" ec="2" bec="0" bev="0" fileid="2" />
                <SequencePoint vc="66" uspid="21" ordinal="5" sl="21" sc="1" el="21" ec="2" bec="0" bev="0" fileid="2" />
                <SequencePoint vc="66" uspid="23" ordinal="6" sl="23" sc="1" el="23" ec="2" bec="0" bev="0" fileid="2" />
                <SequencePoint vc="66" uspid="24" ordinal="7" sl="24" sc="1" el="24" ec="2" bec="0" bev="0" fileid="2" />
                <SequencePoint vc="66" uspid="25" ordinal="8" sl="25" sc="1" el="25" ec="2" bec="0" bev="0" fileid="2" />
                <SequencePoint vc="66" uspid="26" ordinal="9" sl="26" sc="1" el="26" ec="2" bec="0" bev="0" fileid="2" />
                <SequencePoint vc="66" uspid="27" ordinal="10" sl="27" sc="1" el="27" ec="2" bec="0" bev="0" fileid="2" />
                <SequencePoint vc="66" uspid="28" ordinal="11" sl="28" sc="1" el="28" ec="2" bec="0" bev="0" fileid="2" />
                <SequencePoint vc="66" uspid="29" ordinal="12" sl="29" sc="1" el="29" ec="2" bec="0" bev="0" fileid="2" />
              </SequencePoints>
              <BranchPoints />
              <MethodPoint vc="13" uspid="0" p8:type="SequencePoint" ordinal="0" offset="0" sc="0" sl="16" ec="1" el="29" bec="0" bev="0" fileid="2" xmlns:p8="xsi" />
            </Method>
          </Methods>
        </Class>
        <Class>
          <Summary numSequencePoints="14" visitedSequencePoints="14" numBranchPoints="12" visitedBranchPoints="12" sequenceCoverage="100" branchCoverage="100" maxCyclomaticComplexity="12" minCyclomaticComplexity="1" visitedClasses="1" numClasses="1" visitedMethods="2" numMethods="2" />
          <FullName>JSLTSharp.JsonTransforms.EmbededFunctions.ValueTransformations.ConcatStringTransformationOperation</FullName>
          <Methods>
            <Method cyclomaticComplexity="1" nPathComplexity="1" sequenceCoverage="100" branchCoverage="100" isConstructor="False" isGetter="True" isSetter="False" isStatic="True">
              <Summary numSequencePoints="1" visitedSequencePoints="1" numBranchPoints="0" visitedBranchPoints="0" sequenceCoverage="100" branchCoverage="100" maxCyclomaticComplexity="1" minCyclomaticComplexity="1" visitedClasses="0" numClasses="0" visitedMethods="1" numMethods="1" />
              <MetadataToken />
              <Name>System.String JSLTSharp.JsonTransforms.EmbededFunctions.ValueTransformations.ConcatStringTransformationOperation::get_OperationName()</Name>
              <FileRef uid="3" />
              <SequencePoints>
                <SequencePoint vc="23" uspid="10" ordinal="0" sl="10" sc="1" el="10" ec="2" bec="0" bev="0" fileid="3" />
              </SequencePoints>
              <BranchPoints />
              <MethodPoint vc="1" uspid="0" p8:type="SequencePoint" ordinal="0" offset="0" sc="0" sl="10" ec="1" el="10" bec="0" bev="0" fileid="3" xmlns:p8="xsi" />
            </Method>
            <Method cyclomaticComplexity="12" nPathComplexity="12" sequenceCoverage="100" branchCoverage="100" isConstructor="False" isGetter="False" isSetter="False" isStatic="True">
              <Summary numSequencePoints="13" visitedSequencePoints="13" numBranchPoints="12" visitedBranchPoints="12" sequenceCoverage="100" branchCoverage="100" maxCyclomaticComplexity="12" minCyclomaticComplexity="12" visitedClasses="0" numClasses="0" visitedMethods="1" numMethods="1" />
              <MetadataToken />
              <Name>Newtonsoft.Json.Linq.JToken JSLTSharp.JsonTransforms.EmbededFunctions.ValueTransformations.ConcatStringTransformationOperation::Apply(Newtonsoft.Json.Linq.JToken,Newtonsoft.Json.Linq.JToken,System.Collections.Generic.IList`1&lt;System.String&gt;)</Name>
              <FileRef uid="3" />
              <SequencePoints>
                <SequencePoint vc="10" uspid="15" ordinal="0" sl="15" sc="1" el="15" ec="2" bec="0" bev="0" fileid="3" />
                <SequencePoint vc="10" uspid="17" ordinal="1" sl="17" sc="1" el="17" ec="2" bec="4" bev="4" fileid="3" />
                <SequencePoint vc="5" uspid="18" ordinal="2" sl="18" sc="1" el="18" ec="2" bec="0" bev="0" fileid="3" />
                <SequencePoint vc="60" uspid="20" ordinal="3" sl="20" sc="1" el="20" ec="2" bec="2" bev="2" fileid="3" />
                <SequencePoint vc="20" uspid="22" ordinal="4" sl="22" sc="1" el="22" ec="2" bec="2" bev="2" fileid="3" />
                <SequencePoint vc="10" uspid="26" ordinal="5" sl="26" sc="1" el="26" ec="2" bec="0" bev="0" fileid="3" />
                <SequencePoint vc="10" uspid="28" ordinal="6" sl="28" sc="1" el="28" ec="2" bec="4" bev="4" fileid="3" />
                <SequencePoint vc="9" uspid="29" ordinal="7" sl="29" sc="1" el="29" ec="2" bec="0" bev="0" fileid="3" />
                <SequencePoint vc="9" uspid="30" ordinal="8" sl="30" sc="1" el="30" ec="2" bec="0" bev="0" fileid="3" />
                <SequencePoint vc="1" uspid="31" ordinal="9" sl="31" sc="1" el="31" ec="2" bec="0" bev="0" fileid="3" />
                <SequencePoint vc="1" uspid="34" ordinal="10" sl="34" sc="1" el="34" ec="2" bec="0" bev="0" fileid="3" />
                <SequencePoint vc="10" uspid="38" ordinal="11" sl="38" sc="1" el="38" ec="2" bec="0" bev="0" fileid="3" />
                <SequencePoint vc="10" uspid="42" ordinal="12" sl="42" sc="1" el="42" ec="2" bec="0" bev="0" fileid="3" />
              </SequencePoints>
              <BranchPoints>
                <BranchPoint vc="5" uspid="17" ordinal="0" path="0" offset="14" offsetend="16" sl="17" fileid="3" />
                <BranchPoint vc="5" uspid="17" ordinal="2" path="0" offset="22" offsetend="24" sl="17" fileid="3" />
                <BranchPoint vc="10" uspid="17" ordinal="1" path="1" offset="14" offsetend="37" sl="17" fileid="3" />
                <BranchPoint vc="10" uspid="17" ordinal="3" path="1" offset="22" offsetend="37" sl="17" fileid="3" />
                <BranchPoint vc="20" uspid="20" ordinal="11" path="1" offset="124" offsetend="46" sl="20" fileid="3" />
                <BranchPoint vc="10" uspid="22" ordinal="4" path="0" offset="64" offsetend="66" sl="22" fileid="3" />
                <BranchPoint vc="9" uspid="28" ordinal="6" path="0" offset="82" offsetend="84" sl="28" fileid="3" />
                <BranchPoint vc="9" uspid="28" ordinal="8" path="0" offset="90" offsetend="92" sl="28" fileid="3" />
                <BranchPoint vc="9" uspid="28" ordinal="7" path="1" offset="82" offsetend="105" sl="28" fileid="3" />
                <BranchPoint vc="9" uspid="28" ordinal="9" path="1" offset="90" offsetend="105" sl="28" fileid="3" />
                <BranchPoint vc="10" uspid="22" ordinal="5" path="1" offset="64" offsetend="110" sl="22" fileid="3" />
                <BranchPoint vc="10" uspid="20" ordinal="10" path="0" offset="124" offsetend="126" sl="20" fileid="3" />
              </BranchPoints>
              <MethodPoint vc="13" uspid="0" p8:type="SequencePoint" ordinal="1" offset="1" sc="0" sl="15" ec="1" el="42" bec="0" bev="0" fileid="3" xmlns:p8="xsi" />
            </Method>
          </Methods>
        </Class>
        <Class>
          <Summary numSequencePoints="7" visitedSequencePoints="5" numBranchPoints="6" visitedBranchPoints="3" sequenceCoverage="71.42" branchCoverage="50" maxCyclomaticComplexity="6" minCyclomaticComplexity="1" visitedClasses="1" numClasses="1" visitedMethods="2" numMethods="2" />
          <FullName>JSLTSharp.JsonTransforms.EmbededFunctions.ValueTransformations.DistinctArrayTransformOperation</FullName>
          <Methods>
            <Method cyclomaticComplexity="1" nPathComplexity="1" sequenceCoverage="100" branchCoverage="100" isConstructor="False" isGetter="True" isSetter="False" isStatic="True">
              <Summary numSequencePoints="1" visitedSequencePoints="1" numBranchPoints="0" visitedBranchPoints="0" sequenceCoverage="100" branchCoverage="100" maxCyclomaticComplexity="1" minCyclomaticComplexity="1" visitedClasses="0" numClasses="0" visitedMethods="1" numMethods="1" />
              <MetadataToken />
              <Name>System.String JSLTSharp.JsonTransforms.EmbededFunctions.ValueTransformations.DistinctArrayTransformOperation::get_OperationName()</Name>
              <FileRef uid="4" />
              <SequencePoints>
                <SequencePoint vc="13" uspid="12" ordinal="0" sl="12" sc="1" el="12" ec="2" bec="0" bev="0" fileid="4" />
              </SequencePoints>
              <BranchPoints />
              <MethodPoint vc="1" uspid="0" p8:type="SequencePoint" ordinal="0" offset="0" sc="0" sl="12" ec="1" el="12" bec="0" bev="0" fileid="4" xmlns:p8="xsi" />
            </Method>
            <Method cyclomaticComplexity="6" nPathComplexity="6" sequenceCoverage="66.66" branchCoverage="50" isConstructor="False" isGetter="False" isSetter="False" isStatic="True">
              <Summary numSequencePoints="6" visitedSequencePoints="4" numBranchPoints="6" visitedBranchPoints="3" sequenceCoverage="66.66" branchCoverage="50" maxCyclomaticComplexity="6" minCyclomaticComplexity="6" visitedClasses="0" numClasses="0" visitedMethods="1" numMethods="1" />
              <MetadataToken />
              <Name>Newtonsoft.Json.Linq.JToken JSLTSharp.JsonTransforms.EmbededFunctions.ValueTransformations.DistinctArrayTransformOperation::Apply(Newtonsoft.Json.Linq.JToken,Newtonsoft.Json.Linq.JToken,System.Collections.Generic.IList`1&lt;System.String&gt;)</Name>
              <FileRef uid="4" />
              <SequencePoints>
                <SequencePoint vc="3" uspid="17" ordinal="0" sl="17" sc="1" el="17" ec="2" bec="4" bev="2" fileid="4" />
                <SequencePoint vc="0" uspid="18" ordinal="1" sl="18" sc="1" el="18" ec="2" bec="0" bev="0" fileid="4" />
                <SequencePoint vc="3" uspid="19" ordinal="2" sl="19" sc="1" el="19" ec="2" bec="2" bev="1" fileid="4" />
                <SequencePoint vc="0" uspid="20" ordinal="3" sl="20" sc="1" el="20" ec="2" bec="0" bev="0" fileid="4" />
                <SequencePoint vc="3" uspid="22" ordinal="4" sl="22" sc="1" el="22" ec="2" bec="0" bev="0" fileid="4" />
                <SequencePoint vc="8" uspid="24" ordinal="5" sl="24" sc="1" el="24" ec="2" bec="0" bev="0" fileid="4" />
              </SequencePoints>
              <BranchPoints>
                <BranchPoint vc="3" uspid="17" ordinal="0" path="0" offset="1" offsetend="3" sl="17" fileid="4" />
                <BranchPoint vc="0" uspid="17" ordinal="1" path="1" offset="1" offsetend="13" sl="17" fileid="4" />
                <BranchPoint vc="0" uspid="17" ordinal="2" path="0" offset="11" offsetend="13" sl="17" fileid="4" />
                <BranchPoint vc="3" uspid="17" ordinal="3" path="1" offset="11" offsetend="15" sl="17" fileid="4" />
                <BranchPoint vc="0" uspid="19" ordinal="4" path="0" offset="22" offsetend="24" sl="19" fileid="4" />
                <BranchPoint vc="3" uspid="19" ordinal="5" path="1" offset="22" offsetend="35" sl="19" fileid="4" />
              </BranchPoints>
              <MethodPoint vc="4" uspid="0" p8:type="SequencePoint" ordinal="1" offset="1" sc="0" sl="17" ec="1" el="24" bec="0" bev="0" fileid="4" xmlns:p8="xsi" />
            </Method>
          </Methods>
        </Class>
        <Class>
          <Summary numSequencePoints="11" visitedSequencePoints="7" numBranchPoints="8" visitedBranchPoints="4" sequenceCoverage="63.63" branchCoverage="50" maxCyclomaticComplexity="8" minCyclomaticComplexity="1" visitedClasses="1" numClasses="1" visitedMethods="2" numMethods="2" />
          <FullName>JSLTSharp.JsonTransforms.EmbededFunctions.ValueTransformations.FormatDateTransformOperation</FullName>
          <Methods>
            <Method cyclomaticComplexity="1" nPathComplexity="1" sequenceCoverage="100" branchCoverage="100" isConstructor="False" isGetter="True" isSetter="False" isStatic="True">
              <Summary numSequencePoints="1" visitedSequencePoints="1" numBranchPoints="0" visitedBranchPoints="0" sequenceCoverage="100" branchCoverage="100" maxCyclomaticComplexity="1" minCyclomaticComplexity="1" visitedClasses="0" numClasses="0" visitedMethods="1" numMethods="1" />
              <MetadataToken />
              <Name>System.String JSLTSharp.JsonTransforms.EmbededFunctions.ValueTransformations.FormatDateTransformOperation::get_OperationName()</Name>
              <FileRef uid="5" />
              <SequencePoints>
                <SequencePoint vc="39" uspid="11" ordinal="0" sl="11" sc="1" el="11" ec="2" bec="0" bev="0" fileid="5" />
              </SequencePoints>
              <BranchPoints />
              <MethodPoint vc="1" uspid="0" p8:type="SequencePoint" ordinal="0" offset="0" sc="0" sl="11" ec="1" el="11" bec="0" bev="0" fileid="5" xmlns:p8="xsi" />
            </Method>
            <Method cyclomaticComplexity="8" nPathComplexity="8" sequenceCoverage="60" branchCoverage="50" isConstructor="False" isGetter="False" isSetter="False" isStatic="True">
              <Summary numSequencePoints="10" visitedSequencePoints="6" numBranchPoints="8" visitedBranchPoints="4" sequenceCoverage="60" branchCoverage="50" maxCyclomaticComplexity="8" minCyclomaticComplexity="8" visitedClasses="0" numClasses="0" visitedMethods="1" numMethods="1" />
              <MetadataToken />
              <Name>Newtonsoft.Json.Linq.JToken JSLTSharp.JsonTransforms.EmbededFunctions.ValueTransformations.FormatDateTransformOperation::Apply(Newtonsoft.Json.Linq.JToken,Newtonsoft.Json.Linq.JToken,System.Collections.Generic.IList`1&lt;System.String&gt;)</Name>
              <FileRef uid="5" />
              <SequencePoints>
                <SequencePoint vc="1" uspid="16" ordinal="0" sl="16" sc="1" el="16" ec="2" bec="2" bev="1" fileid="5" />
                <SequencePoint vc="0" uspid="17" ordinal="1" sl="17" sc="1" el="17" ec="2" bec="0" bev="0" fileid="5" />
[...]
                <BranchPoint vc="0" uspid="30" ordinal="6" path="0" offset="85" offsetend="87" sl="30" fileid="10" />
                <BranchPoint vc="9" uspid="30" ordinal="7" path="1" offset="85" offsetend="89" sl="30" fileid="10" />
                <BranchPoint vc="7" uspid="33" ordinal="8" path="0" offset="113" offsetend="115" sl="33" fileid="10" />
                <BranchPoint vc="2" uspid="33" ordinal="10" path="0" offset="126" offsetend="128" sl="33" fileid="10" />
                <BranchPoint vc="2" uspid="33" ordinal="9" path="1" offset="113" offsetend="146" sl="33" fileid="10" />
                <BranchPoint vc="2" uspid="36" ordinal="14" path="0" offset="154" offsetend="156" sl="36" fileid="10" />
                <BranchPoint vc="0" uspid="36" ordinal="15" path="1" offset="154" offsetend="190" sl="36" fileid="10" />
                <BranchPoint vc="5" uspid="33" ordinal="11" path="1" offset="126" offsetend="194" sl="33" fileid="10" />
                <BranchPoint vc="5" uspid="40" ordinal="16" path="0" offset="201" offsetend="203" sl="40" fileid="10" />
                <BranchPoint vc="0" uspid="40" ordinal="17" path="1" offset="201" offsetend="229" sl="40" fileid="10" />
                <BranchPoint vc="2" uspid="33" ordinal="13" path="1" offset="139" offsetend="233" sl="33" fileid="10" />
                <BranchPoint vc="1" uspid="44" ordinal="18" path="0" offset="241" offsetend="243" sl="44" fileid="10" />
                <BranchPoint vc="1" uspid="44" ordinal="19" path="1" offset="241" offsetend="263" sl="44" fileid="10" />
                <BranchPoint vc="6" uspid="22" ordinal="1" path="1" offset="19" offsetend="267" sl="22" fileid="10" />
                <BranchPoint vc="0" uspid="51" ordinal="20" path="0" offset="274" offsetend="276" sl="51" fileid="10" />
                <BranchPoint vc="6" uspid="51" ordinal="21" path="1" offset="274" offsetend="298" sl="51" fileid="10" />
                <BranchPoint vc="15" uspid="33" ordinal="12" path="0" offset="139" offsetend="319" sl="33" fileid="10" />
              </BranchPoints>
              <MethodPoint vc="18" uspid="0" p8:type="SequencePoint" ordinal="2" offset="2" sc="0" sl="21" ec="1" el="58" bec="0" bev="0" fileid="10" xmlns:p8="xsi" />
            </Method>
          </Methods>
        </Class>
        <Class>
          <Summary numSequencePoints="2" visitedSequencePoints="1" numBranchPoints="0" visitedBranchPoints="0" sequenceCoverage="50" branchCoverage="100" maxCyclomaticComplexity="1" minCyclomaticComplexity="1" visitedClasses="1" numClasses="1" visitedMethods="1" numMethods="2" />
          <FullName>JSLTSharp.JsonTransforms.EmbededFunctions.ConditionalOperations.IfIsNotEqualsConditionalKeyOperation</FullName>
          <Methods>
            <Method cyclomaticComplexity="1" nPathComplexity="1" sequenceCoverage="100" branchCoverage="100" isConstructor="False" isGetter="True" isSetter="False" isStatic="True">
              <Summary numSequencePoints="1" visitedSequencePoints="1" numBranchPoints="0" visitedBranchPoints="0" sequenceCoverage="100" branchCoverage="100" maxCyclomaticComplexity="1" minCyclomaticComplexity="1" visitedClasses="0" numClasses="0" visitedMethods="1" numMethods="1" />
              <MetadataToken />
              <Name>System.String JSLTSharp.JsonTransforms.EmbededFunctions.ConditionalOperations.IfIsNotEqualsConditionalKeyOperation::get_OperationName()</Name>
              <FileRef uid="11" />
              <SequencePoints>
                <SequencePoint vc="27" uspid="9" ordinal="0" sl="9" sc="1" el="9" ec="2" bec="0" bev="0" fileid="11" />
              </SequencePoints>
              <BranchPoints />
              <MethodPoint vc="1" uspid="0" p8:type="SequencePoint" ordinal="0" offset="0" sc="0" sl="9" ec="1" el="9" bec="0" bev="0" fileid="11" xmlns:p8="xsi" />
            </Method>
            <Method cyclomaticComplexity="1" nPathComplexity="1" sequenceCoverage="0" branchCoverage="100" isConstructor="False" isGetter="False" isSetter="False" isStatic="True">
              <Summary numSequencePoints="1" visitedSequencePoints="0" numBranchPoints="0" visitedBranchPoints="0" sequenceCoverage="0" branchCoverage="100" maxCyclomaticComplexity="1" minCyclomaticComplexity="1" visitedClasses="0" numClasses="0" visitedMethods="0" numMethods="1" />
              <MetadataToken />
              <Name>System.Boolean JSLTSharp.JsonTransforms.EmbededFunctions.ConditionalOperations.IfIsNotEqualsConditionalKeyOperation::Apply(Newtonsoft.Json.Linq.JToken,Newtonsoft.Json.Linq.JToken,System.Collections.Generic.IList`1&lt;System.String&gt;)</Name>
              <FileRef uid="11" />
              <SequencePoints>
                <SequencePoint vc="0" uspid="14" ordinal="0" sl="14" sc="1" el="14" ec="2" bec="0" bev="0" fileid="11" />
              </SequencePoints>
              <BranchPoints />
              <MethodPoint vc="0" uspid="0" p8:type="SequencePoint" ordinal="1" offset="1" sc="0" sl="14" ec="1" el="14" bec="0" bev="0" fileid="11" xmlns:p8="xsi" />
            </Method>
          </Methods>
        </Class>
        <Class>
          <Summary numSequencePoints="12" visitedSequencePoints="10" numBranchPoints="10" visitedBranchPoints="7" sequenceCoverage="83.33" branchCoverage="70" maxCyclomaticComplexity="8" minCyclomaticComplexity="1" visitedClasses="1" numClasses="1" visitedMethods="3" numMethods="3" />
          <FullName>JSLTSharp.JsonTransforms.EmbededFunctions.ConditionalOperations.IfNotEmptyConditionalKeyOperation</FullName>
          <Methods>
            <Method cyclomaticComplexity="1" nPathComplexity="1" sequenceCoverage="100" branchCoverage="100" isConstructor="False" isGetter="True" isSetter="False" isStatic="True">
              <Summary numSequencePoints="1" visitedSequencePoints="1" numBranchPoints="0" visitedBranchPoints="0" sequenceCoverage="100" branchCoverage="100" maxCyclomaticComplexity="1" minCyclomaticComplexity="1" visitedClasses="0" numClasses="0" visitedMethods="1" numMethods="1" />
              <MetadataToken />
              <Name>System.String JSLTSharp.JsonTransforms.EmbededFunctions.ConditionalOperations.IfNotEmptyConditionalKeyOperation::get_OperationName()</Name>
              <FileRef uid="12" />
              <SequencePoints>
                <SequencePoint vc="12" uspid="11" ordinal="0" sl="11" sc="1" el="11" ec="2" bec="0" bev="0" fileid="12" />
              </SequencePoints>
              <BranchPoints />
              <MethodPoint vc="1" uspid="0" p8:type="SequencePoint" ordinal="0" offset="0" sc="0" sl="11" ec="1" el="11" bec="0" bev="0" fileid="12" xmlns:p8="xsi" />
            </Method>
            <Method cyclomaticComplexity="2" nPathComplexity="2" sequenceCoverage="66.66" branchCoverage="50" isConstructor="False" isGetter="False" isSetter="False" isStatic="True">
              <Summary numSequencePoints="3" visitedSequencePoints="2" numBranchPoints="2" visitedBranchPoints="1" sequenceCoverage="66.66" branchCoverage="50" maxCyclomaticComplexity="2" minCyclomaticComplexity="2" visitedClasses="0" numClasses="0" visitedMethods="1" numMethods="1" />
              <MetadataToken />
              <Name>System.Boolean JSLTSharp.JsonTransforms.EmbededFunctions.ConditionalOperations.IfNotEmptyConditionalKeyOperation::Apply(Newtonsoft.Json.Linq.JToken,Newtonsoft.Json.Linq.JToken,System.Collections.Generic.IList`1&lt;System.String&gt;)</Name>
              <FileRef uid="12" />
              <SequencePoints>
                <SequencePoint vc="10" uspid="15" ordinal="0" sl="15" sc="1" el="15" ec="2" bec="2" bev="1" fileid="12" />
                <SequencePoint vc="0" uspid="16" ordinal="1" sl="16" sc="1" el="16" ec="2" bec="0" bev="0" fileid="12" />
                <SequencePoint vc="10" uspid="18" ordinal="2" sl="18" sc="1" el="18" ec="2" bec="0" bev="0" fileid="12" />
              </SequencePoints>
              <BranchPoints>
                <BranchPoint vc="0" uspid="15" ordinal="0" path="0" offset="7" offsetend="9" sl="15" fileid="12" />
                <BranchPoint vc="10" uspid="15" ordinal="1" path="1" offset="7" offsetend="31" sl="15" fileid="12" />
              </BranchPoints>
              <MethodPoint vc="2" uspid="0" p8:type="SequencePoint" ordinal="1" offset="1" sc="0" sl="15" ec="1" el="18" bec="0" bev="0" fileid="12" xmlns:p8="xsi" />
            </Method>
            <Method cyclomaticComplexity="8" nPathComplexity="8" sequenceCoverage="87.5" branchCoverage="75" isConstructor="False" isGetter="False" isSetter="False" isStatic="True">
              <Summary numSequencePoints="8" visitedSequencePoints="7" numBranchPoints="8" visitedBranchPoints="6" sequenceCoverage="87.5" branchCoverage="75" maxCyclomaticComplexity="8" minCyclomaticComplexity="8" visitedClasses="0" numClasses="0" visitedMethods="1" numMethods="1" />
              <MetadataToken />
              <Name>System.Boolean JSLTSharp.JsonTransforms.EmbededFunctions.ConditionalOperations.IfNotEmptyConditionalKeyOperation::Exists(Newtonsoft.Json.Linq.JToken,Newtonsoft.Json.Linq.JToken,System.Collections.Generic.IList`1&lt;System.String&gt;)</Name>
              <FileRef uid="12" />
              <SequencePoints>
                <SequencePoint vc="10" uspid="23" ordinal="0" sl="23" sc="1" el="23" ec="2" bec="2" bev="2" fileid="12" />
                <SequencePoint vc="8" uspid="25" ordinal="1" sl="25" sc="1" el="25" ec="2" bec="0" bev="0" fileid="12" />
                <SequencePoint vc="8" uspid="26" ordinal="2" sl="26" sc="1" el="26" ec="2" bec="2" bev="2" fileid="12" />
                <SequencePoint vc="5" uspid="28" ordinal="3" sl="28" sc="1" el="28" ec="2" bec="0" bev="0" fileid="12" />
                <SequencePoint vc="3" uspid="30" ordinal="4" sl="30" sc="1" el="30" ec="2" bec="4" bev="2" fileid="12" />
                <SequencePoint vc="0" uspid="31" ordinal="5" sl="31" sc="1" el="31" ec="2" bec="0" bev="0" fileid="12" />
                <SequencePoint vc="3" uspid="33" ordinal="6" sl="33" sc="1" el="33" ec="2" bec="0" bev="0" fileid="12" />
                <SequencePoint vc="2" uspid="36" ordinal="7" sl="36" sc="1" el="36" ec="2" bec="0" bev="0" fileid="12" />
              </SequencePoints>
              <BranchPoints>
                <BranchPoint vc="8" uspid="23" ordinal="0" path="0" offset="17" offsetend="19" sl="23" fileid="12" />
                <BranchPoint vc="5" uspid="26" ordinal="2" path="0" offset="34" offsetend="36" sl="26" fileid="12" />
                <BranchPoint vc="3" uspid="26" ordinal="3" path="1" offset="34" offsetend="38" sl="26" fileid="12" />
                <BranchPoint vc="3" uspid="30" ordinal="4" path="0" offset="45" offsetend="47" sl="30" fileid="12" />
                <BranchPoint vc="0" uspid="30" ordinal="5" path="1" offset="45" offsetend="56" sl="30" fileid="12" />
                <BranchPoint vc="0" uspid="30" ordinal="6" path="0" offset="54" offsetend="56" sl="30" fileid="12" />
                <BranchPoint vc="3" uspid="30" ordinal="7" path="1" offset="54" offsetend="73" sl="30" fileid="12" />
                <BranchPoint vc="2" uspid="23" ordinal="1" path="1" offset="17" offsetend="87" sl="23" fileid="12" />
              </BranchPoints>
              <MethodPoint vc="7" uspid="0" p8:type="SequencePoint" ordinal="2" offset="2" sc="0" sl="23" ec="1" el="36" bec="0" bev="0" fileid="12" xmlns:p8="xsi" />
            </Method>
          </Methods>
        </Class>
        <Class>
          <Summary numSequencePoints="4" visitedSequencePoints="1" numBranchPoints="2" visitedBranchPoints="0" sequenceCoverage="25" branchCoverage="0" maxCyclomaticComplexity="2" minCyclomaticComplexity="1" visitedClasses="1" numClasses="1" visitedMethods="1" numMethods="2" />
          <FullName>JSLTSharp.JsonTransforms.EmbededFunctions.ConditionalOperations.NotExistsTransformConditionalOperation</FullName>
          <Methods>
            <Method cyclomaticComplexity="1" nPathComplexity="1" sequenceCoverage="100" branchCoverage="100" isConstructor="False" isGetter="True" isSetter="False" isStatic="True">
              <Summary numSequencePoints="1" visitedSequencePoints="1" numBranchPoints="0" visitedBranchPoints="0" sequenceCoverage="100" branchCoverage="100" maxCyclomaticComplexity="1" minCyclomaticComplexity="1" visitedClasses="0" numClasses="0" visitedMethods="1" numMethods="1" />
              <MetadataToken />
              <Name>System.String JSLTSharp.JsonTransforms.EmbededFunctions.ConditionalOperations.NotExistsTransformConditionalOperation::get_OperationName()</Name>
              <FileRef uid="13" />
              <SequencePoints>
                <SequencePoint vc="12" uspid="10" ordinal="0" sl="10" sc="1" el="10" ec="2" bec="0" bev="0" fileid="13" />
              </SequencePoints>
              <BranchPoints />
              <MethodPoint vc="1" uspid="0" p8:type="SequencePoint" ordinal="0" offset="0" sc="0" sl="10" ec="1" el="10" bec="0" bev="0" fileid="13" xmlns:p8="xsi" />
            </Method>
            <Method cyclomaticComplexity="2" nPathComplexity="2" sequenceCoverage="0" branchCoverage="0" isConstructor="False" isGetter="False" isSetter="False" isStatic="True">
              <Summary numSequencePoints="3" visitedSequencePoints="0" numBranchPoints="2" visitedBranchPoints="0" sequenceCoverage="0" branchCoverage="0" maxCyclomaticComplexity="2" minCyclomaticComplexity="2" visitedClasses="0" numClasses="0" visitedMethods="0" numMethods="1" />
              <MetadataToken />
              <Name>System.Boolean JSLTSharp.JsonTransforms.EmbededFunctions.ConditionalOperations.NotExistsTransformConditionalOperation::Apply(Newtonsoft.Json.Linq.JToken,Newtonsoft.Json.Linq.JToken,System.Collections.Generic.IList`1&lt;System.String&gt;)</Name>
              <FileRef uid="13" />
              <SequencePoints>
                <SequencePoint vc="0" uspid="15" ordinal="0" sl="15" sc="1" el="15" ec="2" bec="2" bev="0" fileid="13" />
                <SequencePoint vc="0" uspid="16" ordinal="1" sl="16" sc="1" el="16" ec="2" bec="0" bev="0" fileid="13" />
                <SequencePoint vc="0" uspid="18" ordinal="2" sl="18" sc="1" el="18" ec="2" bec="0" bev="0" fileid="13" />
              </SequencePoints>
              <BranchPoints>
                <BranchPoint vc="0" uspid="15" ordinal="0" path="0" offset="7" offsetend="9" sl="15" fileid="13" />
                <BranchPoint vc="0" uspid="15" ordinal="1" path="1" offset="7" offsetend="31" sl="15" fileid="13" />
              </BranchPoints>
              <MethodPoint vc="0" uspid="0" p8:type="SequencePoint" ordinal="1" offset="1" sc="0" sl="15" ec="1" el="18" bec="0" bev="0" fileid="13" xmlns:p8="xsi" />
            </Method>
          </Methods>
        </Class>
        <Class>
          <Summary numSequencePoints="6" visitedSequencePoints="5" numBranchPoints="6" visitedBranchPoints="3" sequenceCoverage="83.33" branchCoverage="50" maxCyclomaticComplexity="4" minCyclomaticComplexity="1" visitedClasses="1" numClasses="1" visitedMethods="3" numMethods="3" />
          <FullName>JSLTSharp.JsonTransforms.EmbededFunctions.ConditionalOperations.NotNullConditionalTransformOperation</FullName>
          <Methods>
            <Method cyclomaticComplexity="1" nPathComplexity="1" sequenceCoverage="100" branchCoverage="100" isConstructor="False" isGetter="True" isSetter="False" isStatic="True">
              <Summary numSequencePoints="1" visitedSequencePoints="1" numBranchPoints="0" visitedBranchPoints="0" sequenceCoverage="100" branchCoverage="100" maxCyclomaticComplexity="1" minCyclomaticComplexity="1" visitedClasses="0" numClasses="0" visitedMethods="1" numMethods="1" />
              <MetadataToken />
              <Name>System.String JSLTSharp.JsonTransforms.EmbededFunctions.ConditionalOperations.NotNullConditionalTransformOperation::get_OperationName()</Name>
              <FileRef uid="14" />
              <SequencePoints>
                <SequencePoint vc="2" uspid="12" ordinal="0" sl="12" sc="1" el="12" ec="2" bec="0" bev="0" fileid="14" />
              </SequencePoints>
              <BranchPoints />
              <MethodPoint vc="1" uspid="0" p8:type="SequencePoint" ordinal="0" offset="0" sc="0" sl="12" ec="1" el="12" bec="0" bev="0" fileid="14" xmlns:p8="xsi" />
            </Method>
            <Method cyclomaticComplexity="2" nPathComplexity="2" sequenceCoverage="66.66" branchCoverage="50" isConstructor="False" isGetter="False" isSetter="False" isStatic="True">
              <Summary numSequencePoints="3" visitedSequencePoints="2" numBranchPoints="2" visitedBranchPoints="1" sequenceCoverage="66.66" branchCoverage="50" maxCyclomaticComplexity="2" minCyclomaticComplexity="2" visitedClasses="0" numClasses="0" visitedMethods="1" numMethods="1" />
              <MetadataToken />
              <Name>System.Boolean JSLTSharp.JsonTransforms.EmbededFunctions.ConditionalOperations.NotNullConditionalTransformOperation::Apply(Newtonsoft.Json.Linq.JToken,Newtonsoft.Json.Linq.JToken,System.Collections.Generic.IList`1&lt;System.String&gt;)</Name>
              <FileRef uid="14" />
              <SequencePoints>
                <SequencePoint vc="2" uspid="17" ordinal="0" sl="17" sc="1" el="17" ec="2" bec="2" bev="1" fileid="14" />
                <SequencePoint vc="0" uspid="18" ordinal="1" sl="18" sc="1" el="18" ec="2" bec="0" bev="0" fileid="14" />
                <SequencePoint vc="2" uspid="20" ordinal="2" sl="20" sc="1" el="20" ec="2" bec="0" bev="0" fileid="14" />
              </SequencePoints>
              <BranchPoints>
                <BranchPoint vc="0" uspid="17" ordinal="0" path="0" offset="7" offsetend="9" sl="17" fileid="14" />
                <BranchPoint vc="2" uspid="17" ordinal="1" path="1" offset="7" offsetend="31" sl="17" fileid="14" />
              </BranchPoints>
              <MethodPoint vc="2" uspid="0" p8:type="SequencePoint" ordinal="1" offset="1" sc="0" sl="17" ec="1" el="20" bec="0" bev="0" fileid="14" xmlns:p8="xsi" />
            </Method>
            <Method cyclomaticComplexity="4" nPathComplexity="4" sequenceCoverage="100" branchCoverage="50" isConstructor="False" isGetter="False" isSetter="False" isStatic="True">
              <Summary numSequencePoints="2" visitedSequencePoints="2" numBranchPoints="4" visitedBranchPoints="2" sequenceCoverage="100" branchCoverage="50" maxCyclomaticComplexity="4" minCyclomaticComplexity="4" visitedClasses="0" numClasses="0" visitedMethods="1" numMethods="1" />
              <MetadataToken />
              <Name>System.Boolean JSLTSharp.JsonTransforms.EmbededFunctions.ConditionalOperations.NotNullConditionalTransformOperation::Exists(Newtonsoft.Json.Linq.JToken,Newtonsoft.Json.Linq.JToken,System.Collections.Generic.IList`1&lt;System.String&gt;)</Name>
              <FileRef uid="14" />
              <SequencePoints>
                <SequencePoint vc="2" uspid="25" ordinal="0" sl="25" sc="1" el="25" ec="2" bec="0" bev="0" fileid="14" />
                <SequencePoint vc="2" uspid="26" ordinal="1" sl="26" sc="1" el="26" ec="2" bec="4" bev="2" fileid="14" />
              </SequencePoints>
              <BranchPoints>
                <BranchPoint vc="2" uspid="26" ordinal="0" path="0" offset="15" offsetend="17" sl="26" fileid="14" />
                <BranchPoint vc="2" uspid="26" ordinal="2" path="0" offset="23" offsetend="25" sl="26" fileid="14" />
                <BranchPoint vc="0" uspid="26" ordinal="1" path="1" offset="15" offsetend="44" sl="26" fileid="14" />
                <BranchPoint vc="0" uspid="26" ordinal="3" path="1" offset="23" offsetend="44" sl="26" fileid="14" />
              </BranchPoints>
              <MethodPoint vc="2" uspid="0" p8:type="SequencePoint" ordinal="2" offset="2" sc="0" sl="25" ec="1" el="26" bec="0" bev="0" fileid="14" xmlns:p8="xsi" />
            </Method>
          </Methods>
        </Class>
      </Classes>
    </Module>
  </Modules>
</CoverageSession>